2025-04-11 10:10:54.119 [info] Started local extension host with pid 11626.
2025-04-11 10:10:54.299 [error] Extension 'ms-toolsai.jupyter CANNOT USE these API proposals 'notebookDeprecated, notebookMessaging, notebookMime, contribNotebookStaticPreloads, portsAttributes, quickPickSortByLabel, notebookKernelSource, interactiveWindow, quickPickItemTooltip, notebookExecution, notebookCellExecution, notebookVariableProvider, notebookReplDocument'. You MUST start in extension development mode or use the --enable-proposed-api command line flag
2025-04-11 10:10:54.299 [error] Extension 'ms-toolsai.jupyter-renderers CANNOT USE these API proposals 'contribNotebookStaticPreloads'. You MUST start in extension development mode or use the --enable-proposed-api command line flag
2025-04-11 10:10:54.309 [info] [llvm-vs-code-extensions.vscode-clangd]: Command `clangd.switchheadersource` already registered by Kylin Clangd (KylinIdeTeam.kylin-clangd)
2025-04-11 10:10:54.309 [info] [llvm-vs-code-extensions.vscode-clangd]: Command `clangd.install` already registered by Kylin Clangd (KylinIdeTeam.kylin-clangd)
2025-04-11 10:10:54.310 [info] [llvm-vs-code-extensions.vscode-clangd]: Command `clangd.update` already registered by Kylin Clangd (KylinIdeTeam.kylin-clangd)
2025-04-11 10:10:54.310 [info] [llvm-vs-code-extensions.vscode-clangd]: Command `clangd.activate` already registered by Kylin Clangd (KylinIdeTeam.kylin-clangd)
2025-04-11 10:10:54.310 [info] [llvm-vs-code-extensions.vscode-clangd]: Command `clangd.restart` already registered by Kylin Clangd (KylinIdeTeam.kylin-clangd)
2025-04-11 10:10:54.310 [info] [llvm-vs-code-extensions.vscode-clangd]: Command `clangd.typeHierarchy` already registered by Kylin Clangd (KylinIdeTeam.kylin-clangd)
2025-04-11 10:10:54.310 [info] [llvm-vs-code-extensions.vscode-clangd]: Command `clangd.typeHierarchy.viewParents` already registered by Kylin Clangd (KylinIdeTeam.kylin-clangd)
2025-04-11 10:10:54.311 [info] [llvm-vs-code-extensions.vscode-clangd]: Command `clangd.typeHierarchy.viewChildren` already registered by Kylin Clangd (KylinIdeTeam.kylin-clangd)
2025-04-11 10:10:54.311 [info] [llvm-vs-code-extensions.vscode-clangd]: Command `clangd.typeHierarchy.close` already registered by Kylin Clangd (KylinIdeTeam.kylin-clangd)
2025-04-11 10:10:54.311 [info] [llvm-vs-code-extensions.vscode-clangd]: Command `clangd.memoryUsage` already registered by Kylin Clangd (KylinIdeTeam.kylin-clangd)
2025-04-11 10:10:54.311 [info] [llvm-vs-code-extensions.vscode-clangd]: Command `clangd.memoryUsage.close` already registered by Kylin Clangd (KylinIdeTeam.kylin-clangd)
2025-04-11 10:10:54.311 [info] [llvm-vs-code-extensions.vscode-clangd]: Command `clangd.ast` already registered by Kylin Clangd (KylinIdeTeam.kylin-clangd)
2025-04-11 10:10:54.311 [info] [llvm-vs-code-extensions.vscode-clangd]: Command `clangd.ast.close` already registered by Kylin Clangd (KylinIdeTeam.kylin-clangd)
2025-04-11 10:10:54.311 [info] [llvm-vs-code-extensions.vscode-clangd]: Command `clangd.projectConfig` already registered by Kylin Clangd (KylinIdeTeam.kylin-clangd)
2025-04-11 10:10:54.311 [info] [llvm-vs-code-extensions.vscode-clangd]: Command `clangd.userConfig` already registered by Kylin Clangd (KylinIdeTeam.kylin-clangd)
2025-04-11 10:10:54.312 [info] [llvm-vs-code-extensions.vscode-clangd]: Command `clangd.inlayHints.toggle` already registered by Kylin Clangd (KylinIdeTeam.kylin-clangd)
2025-04-11 10:10:54.320 [warning] [llvm-vs-code-extensions.vscode-clangd]: Cannot register 'clangd.path'. This property is already registered.
2025-04-11 10:10:54.321 [warning] [llvm-vs-code-extensions.vscode-clangd]: Cannot register 'clangd.arguments'. This property is already registered.
2025-04-11 10:10:54.321 [warning] [llvm-vs-code-extensions.vscode-clangd]: Cannot register 'clangd.trace'. This property is already registered.
2025-04-11 10:10:54.321 [warning] [llvm-vs-code-extensions.vscode-clangd]: Cannot register 'clangd.semanticHighlighting'. This property is already registered.
2025-04-11 10:10:54.321 [warning] [llvm-vs-code-extensions.vscode-clangd]: Cannot register 'clangd.fallbackFlags'. This property is already registered.
2025-04-11 10:10:54.321 [warning] [llvm-vs-code-extensions.vscode-clangd]: Cannot register 'clangd.serverCompletionRanking'. This property is already registered.
2025-04-11 10:10:54.322 [warning] [llvm-vs-code-extensions.vscode-clangd]: Cannot register 'clangd.restartAfterCrash'. This property is already registered.
2025-04-11 10:10:54.322 [warning] [llvm-vs-code-extensions.vscode-clangd]: Cannot register 'clangd.checkUpdates'. This property is already registered.
2025-04-11 10:10:54.322 [warning] [llvm-vs-code-extensions.vscode-clangd]: Cannot register 'clangd.onConfigChanged'. This property is already registered.
2025-04-11 10:10:54.322 [warning] [llvm-vs-code-extensions.vscode-clangd]: Cannot register 'clangd.detectExtensionConflicts'. This property is already registered.
2025-04-11 10:10:54.322 [warning] [llvm-vs-code-extensions.vscode-clangd]: Cannot register 'clangd.inactiveRegions.useBackgroundHighlight'. This property is already registered.
2025-04-11 10:10:54.322 [warning] [llvm-vs-code-extensions.vscode-clangd]: Cannot register 'clangd.inactiveRegions.opacity'. This property is already registered.
2025-04-11 10:10:54.322 [warning] [llvm-vs-code-extensions.vscode-clangd]: Cannot register 'clangd.enableCodeCompletion'. This property is already registered.
2025-04-11 10:10:54.322 [warning] [llvm-vs-code-extensions.vscode-clangd]: Cannot register 'clangd.enableHover'. This property is already registered.
2025-04-11 10:10:54.323 [warning] [llvm-vs-code-extensions.vscode-clangd]: Cannot register 'clangd.enable'. This property is already registered.
2025-04-11 10:10:54.323 [warning] [redhat.vscode-yaml]: Cannot register 'redhat.telemetry.enabled'. This property is already registered.
2025-04-11 10:10:54.344 [error] [llvm-vs-code-extensions.vscode-clangd]: Cannot register multiple views with same id `clangd.typeHierarchyView`
2025-04-11 10:10:54.344 [error] [llvm-vs-code-extensions.vscode-clangd]: Cannot register multiple views with same id `clangd.memoryUsage`
2025-04-11 10:10:54.345 [error] [llvm-vs-code-extensions.vscode-clangd]: Cannot register multiple views with same id `clangd.ast`
2025-04-11 10:10:57.150 [warning] [kylin-debug]: Couldn't find message for key gdb.launch.ssh.
2025-04-11 10:10:58.938 [info] [perf] Render performance baseline is 150ms
2025-04-11 10:14:06.436 [error] An unknown error occurred. Please consult the log for more details.
