2025-04-10 19:04:14.898 [warning] [kylin-debug]: Couldn't find message for key gdb.launch.ssh.
2025-04-10 19:04:14.916 [warning] [kylin-debug]: Couldn't find message for key gdb.launch.ssh.
2025-04-10 19:04:14.921 [warning] [kylin-debug]: Couldn't find message for key gdb.launch.ssh.
2025-04-10 19:04:14.928 [warning] [kylin-debug]: Couldn't find message for key gdb.launch.ssh.
2025-04-10 19:04:17.855 [warning] [kylin-debug]: Couldn't find message for key gdb.launch.ssh.
2025-04-10 19:04:18.899 [warning] [kylin-debug]: Couldn't find message for key gdb.launch.ssh.
2025-04-10 19:04:20.159 [info] Getting Manifest... scalameta.metals
2025-04-10 19:04:20.789 [info] Installing extension: scalameta.metals {"productVersion":{"version":"1.99.1","date":"2025-04-09T20:29:37.661Z"},"pinned":false,"operation":3,"isApplicationScoped":false,"profileLocation":{"$mid":1,"external":"vscode-userdata:/home/roos/.vscode-oss/extensions/extensions.json","path":"/home/roos/.vscode-oss/extensions/extensions.json","scheme":"vscode-userdata"}}
2025-04-10 19:04:20.927 [info] Getting Manifest... scala-lang.scala
2025-04-10 19:04:21.107 [warning] [kylin-debug]: Couldn't find message for key gdb.launch.ssh.
2025-04-10 19:04:21.123 [warning] [kylin-debug]: Couldn't find message for key gdb.launch.ssh.
2025-04-10 19:04:22.270 [error] Could not load vsce-sign module Cannot find package '@vscode/vsce-sign' imported from /usr/lib/code/out/vs/code/electron-utility/sharedProcess/sharedProcessMain.js
2025-04-10 19:04:22.270 [info] Extension signature verification is not done: scalameta.metals
2025-04-10 19:04:22.901 [info] Extracted extension to file:///home/roos/.vscode-oss/extensions/scalameta.metals-1.49.0-universal: scalameta.metals
2025-04-10 19:04:22.932 [info] Renamed to /home/roos/.vscode-oss/extensions/scalameta.metals-1.49.0-universal
2025-04-10 19:04:22.946 [info] Marked extension as removed scalameta.metals-1.48.0-universal
2025-04-10 19:04:22.950 [warning] [kylin-debug]: Couldn't find message for key gdb.launch.ssh.
2025-04-10 19:04:22.954 [info] Extension installed successfully: scalameta.metals vscode-userdata:/home/roos/.vscode-oss/extensions/extensions.json
2025-04-10 19:04:33.406 [info] Getting Manifest... ms-toolsai.jupyter
2025-04-10 19:04:33.583 [info] Installing extension: ms-toolsai.jupyter {"isMachineScoped":false,"installPreReleaseVersion":false,"pinned":false,"profileLocation":{"$mid":1,"external":"vscode-userdata:/home/roos/.vscode-oss/extensions/extensions.json","path":"/home/roos/.vscode-oss/extensions/extensions.json","scheme":"vscode-userdata"},"isApplicationScoped":false,"productVersion":{"version":"1.99.1","date":"2025-04-09T20:29:37.661Z"}}
2025-04-10 19:04:33.773 [info] Getting Manifest... ms-toolsai.jupyter-renderers
2025-04-10 19:04:33.936 [info] Getting Manifest... ms-toolsai.jupyter-keymap
2025-04-10 19:04:34.101 [info] Getting Manifest... ms-toolsai.vscode-jupyter-cell-tags
2025-04-10 19:04:34.268 [info] Getting Manifest... ms-toolsai.vscode-jupyter-slideshow
2025-04-10 19:04:34.447 [warning] [kylin-debug]: Couldn't find message for key gdb.launch.ssh.
2025-04-10 19:04:34.460 [info] Installing extension: ms-toolsai.jupyter-renderers {"isMachineScoped":false,"installPreReleaseVersion":false,"pinned":false,"profileLocation":{"$mid":1,"external":"vscode-userdata:/home/roos/.vscode-oss/extensions/extensions.json","path":"/home/roos/.vscode-oss/extensions/extensions.json","scheme":"vscode-userdata"},"isApplicationScoped":false,"productVersion":{"version":"1.99.1","date":"2025-04-09T20:29:37.661Z"},"context":{"dependecyOrPackExtensionInstall":true}}
2025-04-10 19:04:34.460 [info] Installing extension: ms-toolsai.jupyter-keymap {"isMachineScoped":false,"installPreReleaseVersion":false,"pinned":false,"profileLocation":{"$mid":1,"external":"vscode-userdata:/home/roos/.vscode-oss/extensions/extensions.json","path":"/home/roos/.vscode-oss/extensions/extensions.json","scheme":"vscode-userdata"},"isApplicationScoped":false,"productVersion":{"version":"1.99.1","date":"2025-04-09T20:29:37.661Z"},"context":{"dependecyOrPackExtensionInstall":true}}
2025-04-10 19:04:34.460 [info] Installing extension: ms-toolsai.vscode-jupyter-cell-tags {"isMachineScoped":false,"installPreReleaseVersion":false,"pinned":false,"profileLocation":{"$mid":1,"external":"vscode-userdata:/home/roos/.vscode-oss/extensions/extensions.json","path":"/home/roos/.vscode-oss/extensions/extensions.json","scheme":"vscode-userdata"},"isApplicationScoped":false,"productVersion":{"version":"1.99.1","date":"2025-04-09T20:29:37.661Z"},"context":{"dependecyOrPackExtensionInstall":true}}
2025-04-10 19:04:34.460 [info] Installing extension: ms-toolsai.vscode-jupyter-slideshow {"isMachineScoped":false,"installPreReleaseVersion":false,"pinned":false,"profileLocation":{"$mid":1,"external":"vscode-userdata:/home/roos/.vscode-oss/extensions/extensions.json","path":"/home/roos/.vscode-oss/extensions/extensions.json","scheme":"vscode-userdata"},"isApplicationScoped":false,"productVersion":{"version":"1.99.1","date":"2025-04-09T20:29:37.661Z"},"context":{"dependecyOrPackExtensionInstall":true}}
2025-04-10 19:04:34.467 [warning] [kylin-debug]: Couldn't find message for key gdb.launch.ssh.
2025-04-10 19:04:35.213 [error] Could not load vsce-sign module Cannot find package '@vscode/vsce-sign' imported from /usr/lib/code/out/vs/code/electron-utility/sharedProcess/sharedProcessMain.js
2025-04-10 19:04:35.214 [info] Extension signature verification is not done: ms-toolsai.jupyter-keymap
2025-04-10 19:04:35.225 [info] Extracted extension to file:///home/roos/.vscode-oss/extensions/ms-toolsai.jupyter-keymap-1.1.2-universal: ms-toolsai.jupyter-keymap
2025-04-10 19:04:35.232 [info] Renamed to /home/roos/.vscode-oss/extensions/ms-toolsai.jupyter-keymap-1.1.2-universal
2025-04-10 19:04:35.252 [warning] [kylin-debug]: Couldn't find message for key gdb.launch.ssh.
2025-04-10 19:04:35.274 [error] Could not load vsce-sign module Cannot find package '@vscode/vsce-sign' imported from /usr/lib/code/out/vs/code/electron-utility/sharedProcess/sharedProcessMain.js
2025-04-10 19:04:35.274 [info] Extension signature verification is not done: ms-toolsai.vscode-jupyter-cell-tags
2025-04-10 19:04:35.300 [info] Extracted extension to file:///home/roos/.vscode-oss/extensions/ms-toolsai.vscode-jupyter-cell-tags-0.1.9-universal: ms-toolsai.vscode-jupyter-cell-tags
2025-04-10 19:04:35.308 [info] Renamed to /home/roos/.vscode-oss/extensions/ms-toolsai.vscode-jupyter-cell-tags-0.1.9-universal
2025-04-10 19:04:35.327 [warning] [kylin-debug]: Couldn't find message for key gdb.launch.ssh.
2025-04-10 19:04:35.330 [error] Could not load vsce-sign module Cannot find package '@vscode/vsce-sign' imported from /usr/lib/code/out/vs/code/electron-utility/sharedProcess/sharedProcessMain.js
2025-04-10 19:04:35.330 [info] Extension signature verification is not done: ms-toolsai.vscode-jupyter-slideshow
2025-04-10 19:04:35.348 [info] Extracted extension to file:///home/roos/.vscode-oss/extensions/ms-toolsai.vscode-jupyter-slideshow-0.1.6-universal: ms-toolsai.vscode-jupyter-slideshow
2025-04-10 19:04:35.357 [info] Renamed to /home/roos/.vscode-oss/extensions/ms-toolsai.vscode-jupyter-slideshow-0.1.6-universal
2025-04-10 19:04:35.377 [warning] [kylin-debug]: Couldn't find message for key gdb.launch.ssh.
2025-04-10 19:04:37.021 [error] Could not load vsce-sign module Cannot find package '@vscode/vsce-sign' imported from /usr/lib/code/out/vs/code/electron-utility/sharedProcess/sharedProcessMain.js
2025-04-10 19:04:37.021 [info] Extension signature verification is not done: ms-toolsai.jupyter
2025-04-10 19:04:37.103 [error] Could not load vsce-sign module Cannot find package '@vscode/vsce-sign' imported from /usr/lib/code/out/vs/code/electron-utility/sharedProcess/sharedProcessMain.js
2025-04-10 19:04:37.103 [info] Extension signature verification is not done: ms-toolsai.jupyter-renderers
2025-04-10 19:04:37.345 [info] Extracted extension to file:///home/roos/.vscode-oss/extensions/ms-toolsai.jupyter-renderers-1.1.0-universal: ms-toolsai.jupyter-renderers
2025-04-10 19:04:37.354 [info] Renamed to /home/roos/.vscode-oss/extensions/ms-toolsai.jupyter-renderers-1.1.0-universal
2025-04-10 19:04:37.374 [warning] [kylin-debug]: Couldn't find message for key gdb.launch.ssh.
2025-04-10 19:04:37.437 [info] Extracted extension to file:///home/roos/.vscode-oss/extensions/ms-toolsai.jupyter-2025.3.0-universal: ms-toolsai.jupyter
2025-04-10 19:04:37.469 [info] Renamed to /home/roos/.vscode-oss/extensions/ms-toolsai.jupyter-2025.3.0-universal
2025-04-10 19:04:37.502 [warning] [kylin-debug]: Couldn't find message for key gdb.launch.ssh.
2025-04-10 19:04:37.507 [info] Extension installed successfully: ms-toolsai.jupyter-keymap vscode-userdata:/home/roos/.vscode-oss/extensions/extensions.json
2025-04-10 19:04:37.507 [info] Extension installed successfully: ms-toolsai.vscode-jupyter-cell-tags vscode-userdata:/home/roos/.vscode-oss/extensions/extensions.json
2025-04-10 19:04:37.507 [info] Extension installed successfully: ms-toolsai.vscode-jupyter-slideshow vscode-userdata:/home/roos/.vscode-oss/extensions/extensions.json
2025-04-10 19:04:37.507 [info] Extension installed successfully: ms-toolsai.jupyter-renderers vscode-userdata:/home/roos/.vscode-oss/extensions/extensions.json
2025-04-10 19:04:37.507 [info] Extension installed successfully: ms-toolsai.jupyter vscode-userdata:/home/roos/.vscode-oss/extensions/extensions.json
