2025-04-08 11:38:14.967 [info] Started local extension host with pid 166639.
2025-04-08 11:38:15.287 [info] [llvm-vs-code-extensions.vscode-clangd]: Command `clangd.switchheadersource` already registered by Kylin Clangd (KylinIdeTeam.kylin-clangd)
2025-04-08 11:38:15.287 [info] [llvm-vs-code-extensions.vscode-clangd]: Command `clangd.install` already registered by Kylin Clangd (KylinIdeTeam.kylin-clangd)
2025-04-08 11:38:15.287 [info] [llvm-vs-code-extensions.vscode-clangd]: Command `clangd.update` already registered by Kylin Clangd (KylinIdeTeam.kylin-clangd)
2025-04-08 11:38:15.287 [info] [llvm-vs-code-extensions.vscode-clangd]: Command `clangd.activate` already registered by Kylin Clangd (KylinIdeTeam.kylin-clangd)
2025-04-08 11:38:15.288 [info] [llvm-vs-code-extensions.vscode-clangd]: Command `clangd.restart` already registered by Kylin Clangd (KylinIdeTeam.kylin-clangd)
2025-04-08 11:38:15.288 [info] [llvm-vs-code-extensions.vscode-clangd]: Command `clangd.typeHierarchy` already registered by Kylin Clangd (KylinIdeTeam.kylin-clangd)
2025-04-08 11:38:15.288 [info] [llvm-vs-code-extensions.vscode-clangd]: Command `clangd.typeHierarchy.viewParents` already registered by Kylin Clangd (KylinIdeTeam.kylin-clangd)
2025-04-08 11:38:15.288 [info] [llvm-vs-code-extensions.vscode-clangd]: Command `clangd.typeHierarchy.viewChildren` already registered by Kylin Clangd (KylinIdeTeam.kylin-clangd)
2025-04-08 11:38:15.288 [info] [llvm-vs-code-extensions.vscode-clangd]: Command `clangd.typeHierarchy.close` already registered by Kylin Clangd (KylinIdeTeam.kylin-clangd)
2025-04-08 11:38:15.289 [info] [llvm-vs-code-extensions.vscode-clangd]: Command `clangd.memoryUsage` already registered by Kylin Clangd (KylinIdeTeam.kylin-clangd)
2025-04-08 11:38:15.289 [info] [llvm-vs-code-extensions.vscode-clangd]: Command `clangd.memoryUsage.close` already registered by Kylin Clangd (KylinIdeTeam.kylin-clangd)
2025-04-08 11:38:15.289 [info] [llvm-vs-code-extensions.vscode-clangd]: Command `clangd.ast` already registered by Kylin Clangd (KylinIdeTeam.kylin-clangd)
2025-04-08 11:38:15.289 [info] [llvm-vs-code-extensions.vscode-clangd]: Command `clangd.ast.close` already registered by Kylin Clangd (KylinIdeTeam.kylin-clangd)
2025-04-08 11:38:15.289 [info] [llvm-vs-code-extensions.vscode-clangd]: Command `clangd.projectConfig` already registered by Kylin Clangd (KylinIdeTeam.kylin-clangd)
2025-04-08 11:38:15.290 [info] [llvm-vs-code-extensions.vscode-clangd]: Command `clangd.userConfig` already registered by Kylin Clangd (KylinIdeTeam.kylin-clangd)
2025-04-08 11:38:15.290 [info] [llvm-vs-code-extensions.vscode-clangd]: Command `clangd.inlayHints.toggle` already registered by Kylin Clangd (KylinIdeTeam.kylin-clangd)
2025-04-08 11:38:15.297 [warning] [llvm-vs-code-extensions.vscode-clangd]: Cannot register 'clangd.path'. This property is already registered.
2025-04-08 11:38:15.297 [warning] [llvm-vs-code-extensions.vscode-clangd]: Cannot register 'clangd.arguments'. This property is already registered.
2025-04-08 11:38:15.297 [warning] [llvm-vs-code-extensions.vscode-clangd]: Cannot register 'clangd.trace'. This property is already registered.
2025-04-08 11:38:15.297 [warning] [llvm-vs-code-extensions.vscode-clangd]: Cannot register 'clangd.semanticHighlighting'. This property is already registered.
2025-04-08 11:38:15.299 [warning] [llvm-vs-code-extensions.vscode-clangd]: Cannot register 'clangd.fallbackFlags'. This property is already registered.
2025-04-08 11:38:15.299 [warning] [llvm-vs-code-extensions.vscode-clangd]: Cannot register 'clangd.serverCompletionRanking'. This property is already registered.
2025-04-08 11:38:15.299 [warning] [llvm-vs-code-extensions.vscode-clangd]: Cannot register 'clangd.restartAfterCrash'. This property is already registered.
2025-04-08 11:38:15.299 [warning] [llvm-vs-code-extensions.vscode-clangd]: Cannot register 'clangd.checkUpdates'. This property is already registered.
2025-04-08 11:38:15.299 [warning] [llvm-vs-code-extensions.vscode-clangd]: Cannot register 'clangd.onConfigChanged'. This property is already registered.
2025-04-08 11:38:15.299 [warning] [llvm-vs-code-extensions.vscode-clangd]: Cannot register 'clangd.detectExtensionConflicts'. This property is already registered.
2025-04-08 11:38:15.299 [warning] [llvm-vs-code-extensions.vscode-clangd]: Cannot register 'clangd.inactiveRegions.useBackgroundHighlight'. This property is already registered.
2025-04-08 11:38:15.299 [warning] [llvm-vs-code-extensions.vscode-clangd]: Cannot register 'clangd.inactiveRegions.opacity'. This property is already registered.
2025-04-08 11:38:15.300 [warning] [llvm-vs-code-extensions.vscode-clangd]: Cannot register 'clangd.enableCodeCompletion'. This property is already registered.
2025-04-08 11:38:15.300 [warning] [llvm-vs-code-extensions.vscode-clangd]: Cannot register 'clangd.enableHover'. This property is already registered.
2025-04-08 11:38:15.300 [warning] [llvm-vs-code-extensions.vscode-clangd]: Cannot register 'clangd.enable'. This property is already registered.
2025-04-08 11:38:15.300 [warning] [redhat.vscode-yaml]: Cannot register 'redhat.telemetry.enabled'. This property is already registered.
2025-04-08 11:38:15.316 [error] [llvm-vs-code-extensions.vscode-clangd]: Cannot register multiple views with same id `clangd.typeHierarchyView`
2025-04-08 11:38:15.316 [error] [llvm-vs-code-extensions.vscode-clangd]: Cannot register multiple views with same id `clangd.memoryUsage`
2025-04-08 11:38:15.317 [error] [llvm-vs-code-extensions.vscode-clangd]: Cannot register multiple views with same id `clangd.ast`
2025-04-08 11:38:15.604 [error] Unable to write to Workspace Settings because no workspace is opened. Please open a workspace first and try again.
2025-04-08 11:38:17.805 [info] [perf] Render performance baseline is 126ms
2025-04-08 11:38:18.005 [warning] [kylin-debug]: Couldn't find message for key gdb.launch.ssh.
