2025-05-10 15:00:41.844 [info] Extension host with pid 13835 started
2025-05-10 15:00:41.891 [info] ExtensionService#_doActivateExtension vscode.emmet, startup: false, activationEvent: 'onLanguage'
2025-05-10 15:00:41.909 [info] ExtensionService#_doActivateExtension scalameta.metals, startup: false, activationEvent: 'onLanguage:scala'
2025-05-10 15:00:42.054 [info] ExtensionService#_doActivateExtension vscode.configuration-editing, startup: false, activationEvent: 'onLanguage:jsonc'
2025-05-10 15:00:42.061 [info] ExtensionService#_doActivateExtension vscode.json-language-features, startup: false, activationEvent: 'onLanguage:jsonc'
2025-05-10 15:00:42.099 [info] ExtensionService#_doActivateExtension vscode.typescript-language-features, startup: false, activationEvent: 'onLanguage:jsonc'
2025-05-10 15:00:42.134 [error] CodeExpectedError: Unable to write to Workspace Settings because no workspace is opened. Please open a workspace first and try again.
    at Lft.z (vscode-file://vscode-app/usr/lib/code/out/vs/workbench/workbench.desktop.main.js:3211:6793)
    at Lft.F (vscode-file://vscode-app/usr/lib/code/out/vs/workbench/workbench.desktop.main.js:3211:9516)
    at Lft.o (vscode-file://vscode-app/usr/lib/code/out/vs/workbench/workbench.desktop.main.js:3211:3874)
    at Object.factory (vscode-file://vscode-app/usr/lib/code/out/vs/workbench/workbench.desktop.main.js:3211:3774)
    at j0.j (vscode-file://vscode-app/usr/lib/code/out/vs/workbench/workbench.desktop.main.js:30:75230)
    at j0.k (vscode-file://vscode-app/usr/lib/code/out/vs/workbench/workbench.desktop.main.js:30:75363)
    at vscode-file://vscode-app/usr/lib/code/out/vs/workbench/workbench.desktop.main.js:30:75272
2025-05-10 15:00:42.134 [error] CodeExpectedError: Unable to write to Workspace Settings because no workspace is opened. Please open a workspace first and try again.
    at Lft.z (vscode-file://vscode-app/usr/lib/code/out/vs/workbench/workbench.desktop.main.js:3211:6793)
    at Lft.F (vscode-file://vscode-app/usr/lib/code/out/vs/workbench/workbench.desktop.main.js:3211:9516)
    at Lft.o (vscode-file://vscode-app/usr/lib/code/out/vs/workbench/workbench.desktop.main.js:3211:3874)
    at Object.factory (vscode-file://vscode-app/usr/lib/code/out/vs/workbench/workbench.desktop.main.js:3211:3774)
    at j0.j (vscode-file://vscode-app/usr/lib/code/out/vs/workbench/workbench.desktop.main.js:30:75230)
    at j0.k (vscode-file://vscode-app/usr/lib/code/out/vs/workbench/workbench.desktop.main.js:30:75363)
    at vscode-file://vscode-app/usr/lib/code/out/vs/workbench/workbench.desktop.main.js:30:75285
2025-05-10 15:00:42.134 [error] CodeExpectedError: Unable to write to Workspace Settings because no workspace is opened. Please open a workspace first and try again.
    at Lft.z (vscode-file://vscode-app/usr/lib/code/out/vs/workbench/workbench.desktop.main.js:3211:6793)
    at Lft.F (vscode-file://vscode-app/usr/lib/code/out/vs/workbench/workbench.desktop.main.js:3211:9516)
    at Lft.o (vscode-file://vscode-app/usr/lib/code/out/vs/workbench/workbench.desktop.main.js:3211:3874)
    at Object.factory (vscode-file://vscode-app/usr/lib/code/out/vs/workbench/workbench.desktop.main.js:3211:3774)
    at j0.j (vscode-file://vscode-app/usr/lib/code/out/vs/workbench/workbench.desktop.main.js:30:75230)
    at j0.k (vscode-file://vscode-app/usr/lib/code/out/vs/workbench/workbench.desktop.main.js:30:75363)
    at vscode-file://vscode-app/usr/lib/code/out/vs/workbench/workbench.desktop.main.js:30:75285
2025-05-10 15:00:42.135 [error] CodeExpectedError: Unable to write to Workspace Settings because no workspace is opened. Please open a workspace first and try again.
    at Lft.z (vscode-file://vscode-app/usr/lib/code/out/vs/workbench/workbench.desktop.main.js:3211:6793)
    at Lft.F (vscode-file://vscode-app/usr/lib/code/out/vs/workbench/workbench.desktop.main.js:3211:9516)
    at Lft.o (vscode-file://vscode-app/usr/lib/code/out/vs/workbench/workbench.desktop.main.js:3211:3874)
    at Object.factory (vscode-file://vscode-app/usr/lib/code/out/vs/workbench/workbench.desktop.main.js:3211:3774)
    at j0.j (vscode-file://vscode-app/usr/lib/code/out/vs/workbench/workbench.desktop.main.js:30:75230)
    at j0.k (vscode-file://vscode-app/usr/lib/code/out/vs/workbench/workbench.desktop.main.js:30:75363)
    at vscode-file://vscode-app/usr/lib/code/out/vs/workbench/workbench.desktop.main.js:30:75285
2025-05-10 15:00:42.848 [info] ExtensionService#_doActivateExtension vscode.git-base, startup: true, activationEvent: '*', root cause: vscode.git
2025-05-10 15:00:42.854 [info] ExtensionService#_doActivateExtension auiworks.amvim, startup: true, activationEvent: '*'
2025-05-10 15:00:42.864 [info] ExtensionService#_doActivateExtension slevesque.shader, startup: true, activationEvent: '*', root cause: dtoplak.vscode-glsllint
2025-05-10 15:00:43.253 [info] ExtensionService#_doActivateExtension vscode.git, startup: true, activationEvent: '*'
2025-05-10 15:00:43.283 [info] ExtensionService#_doActivateExtension vscode.github, startup: true, activationEvent: '*'
2025-05-10 15:00:43.305 [info] ExtensionService#_doActivateExtension dtoplak.vscode-glsllint, startup: true, activationEvent: '*'
2025-05-10 15:00:43.435 [info] Eager extensions activated
2025-05-10 15:00:43.467 [info] ExtensionService#_doActivateExtension vscode.debug-auto-launch, startup: false, activationEvent: 'onStartupFinished'
2025-05-10 15:00:43.469 [info] ExtensionService#_doActivateExtension vscode.merge-conflict, startup: false, activationEvent: 'onStartupFinished'
2025-05-10 15:04:39.431 [error] Error: Illegal value for `line`
	at bU.u (file:///usr/lib/code/out/vs/workbench/api/node/extensionHostProcess.js:118:1045)
	at Object.lineAt (file:///usr/lib/code/out/vs/workbench/api/node/extensionHostProcess.js:118:72)
	at y.processRecord (/home/roos/.vscode-oss/extensions/auiworks.amvim-1.37.0-universal/dist/extension.js:1:59162)
	at y.endRecord (/home/roos/.vscode-oss/extensions/auiworks.amvim-1.37.0-universal/dist/extension.js:1:60383)
	at y.onDidChangeTextEditorSelection (/home/roos/.vscode-oss/extensions/auiworks.amvim-1.37.0-universal/dist/extension.js:1:60981)
	at Timeout._onTimeout (/home/roos/.vscode-oss/extensions/auiworks.amvim-1.37.0-universal/dist/extension.js:1:47502)
2025-05-10 15:18:02.039 [error] Error: Illegal argument: line must be non-negative
	at Ce (file:///usr/lib/code/out/vs/workbench/api/node/extensionHostProcess.js:7:1282)
	at oo (file:///usr/lib/code/out/vs/workbench/api/node/extensionHostProcess.js:107:9737)
	at new $s (file:///usr/lib/code/out/vs/workbench/api/node/extensionHostProcess.js:107:11291)
	at asRange (/home/roos/.vscode-oss/extensions/scalameta.metals-1.49.0-universal/node_modules/vscode-languageclient/lib/common/protocolConverter.js:140:24)
	at asDiagnostic (/home/roos/.vscode-oss/extensions/scalameta.metals-1.49.0-universal/node_modules/vscode-languageclient/lib/common/protocolConverter.js:70:66)
	at convertBatch (/home/roos/.vscode-oss/extensions/scalameta.metals-1.49.0-universal/node_modules/vscode-languageclient/lib/common/utils/async.js:193:25)
	at Object.map (/home/roos/.vscode-oss/extensions/scalameta.metals-1.49.0-universal/node_modules/vscode-languageclient/lib/common/utils/async.js:202:17)
	at Object.asDiagnostics (/home/roos/.vscode-oss/extensions/scalameta.metals-1.49.0-universal/node_modules/vscode-languageclient/lib/common/protocolConverter.js:60:22)
	at LanguageClient.workDiagnosticQueue (/home/roos/.vscode-oss/extensions/scalameta.metals-1.49.0-universal/node_modules/vscode-languageclient/lib/common/client.js:1101:19)
	at Immediate.<anonymous> (/home/roos/.vscode-oss/extensions/scalameta.metals-1.49.0-universal/node_modules/vscode-languageclient/lib/common/client.js:1086:85)
	at process.processImmediate (node:internal/timers:483:21)
2025-05-10 15:18:02.596 [error] Error: Illegal argument: line must be non-negative
	at Ce (file:///usr/lib/code/out/vs/workbench/api/node/extensionHostProcess.js:7:1282)
	at oo (file:///usr/lib/code/out/vs/workbench/api/node/extensionHostProcess.js:107:9737)
	at new $s (file:///usr/lib/code/out/vs/workbench/api/node/extensionHostProcess.js:107:11291)
	at asRange (/home/roos/.vscode-oss/extensions/scalameta.metals-1.49.0-universal/node_modules/vscode-languageclient/lib/common/protocolConverter.js:140:24)
	at asDiagnostic (/home/roos/.vscode-oss/extensions/scalameta.metals-1.49.0-universal/node_modules/vscode-languageclient/lib/common/protocolConverter.js:70:66)
	at convertBatch (/home/roos/.vscode-oss/extensions/scalameta.metals-1.49.0-universal/node_modules/vscode-languageclient/lib/common/utils/async.js:193:25)
	at Object.map (/home/roos/.vscode-oss/extensions/scalameta.metals-1.49.0-universal/node_modules/vscode-languageclient/lib/common/utils/async.js:202:17)
	at Object.asDiagnostics (/home/roos/.vscode-oss/extensions/scalameta.metals-1.49.0-universal/node_modules/vscode-languageclient/lib/common/protocolConverter.js:60:22)
	at LanguageClient.workDiagnosticQueue (/home/roos/.vscode-oss/extensions/scalameta.metals-1.49.0-universal/node_modules/vscode-languageclient/lib/common/client.js:1101:19)
	at Immediate.<anonymous> (/home/roos/.vscode-oss/extensions/scalameta.metals-1.49.0-universal/node_modules/vscode-languageclient/lib/common/client.js:1086:85)
	at process.processImmediate (node:internal/timers:483:21)
2025-05-10 15:20:22.906 [error] Error: Illegal argument: line must be non-negative
	at Ce (file:///usr/lib/code/out/vs/workbench/api/node/extensionHostProcess.js:7:1282)
	at new oo (file:///usr/lib/code/out/vs/workbench/api/node/extensionHostProcess.js:107:9737)
	at $s (file:///usr/lib/code/out/vs/workbench/api/node/extensionHostProcess.js:107:11291)
	at asRange (/home/roos/.vscode-oss/extensions/scalameta.metals-1.49.0-universal/node_modules/vscode-languageclient/lib/common/protocolConverter.js:140:24)
	at asDiagnostic (/home/roos/.vscode-oss/extensions/scalameta.metals-1.49.0-universal/node_modules/vscode-languageclient/lib/common/protocolConverter.js:70:66)
	at convertBatch (/home/roos/.vscode-oss/extensions/scalameta.metals-1.49.0-universal/node_modules/vscode-languageclient/lib/common/utils/async.js:193:25)
	at Object.map (/home/roos/.vscode-oss/extensions/scalameta.metals-1.49.0-universal/node_modules/vscode-languageclient/lib/common/utils/async.js:202:17)
	at Object.asDiagnostics (/home/roos/.vscode-oss/extensions/scalameta.metals-1.49.0-universal/node_modules/vscode-languageclient/lib/common/protocolConverter.js:60:22)
	at LanguageClient.workDiagnosticQueue (/home/roos/.vscode-oss/extensions/scalameta.metals-1.49.0-universal/node_modules/vscode-languageclient/lib/common/client.js:1101:19)
	at Immediate.<anonymous> (/home/roos/.vscode-oss/extensions/scalameta.metals-1.49.0-universal/node_modules/vscode-languageclient/lib/common/client.js:1086:85)
	at process.processImmediate (node:internal/timers:483:21)
2025-05-10 15:20:23.181 [error] Error: Illegal argument: line must be non-negative
	at Ce (file:///usr/lib/code/out/vs/workbench/api/node/extensionHostProcess.js:7:1282)
	at new oo (file:///usr/lib/code/out/vs/workbench/api/node/extensionHostProcess.js:107:9737)
	at $s (file:///usr/lib/code/out/vs/workbench/api/node/extensionHostProcess.js:107:11291)
	at asRange (/home/roos/.vscode-oss/extensions/scalameta.metals-1.49.0-universal/node_modules/vscode-languageclient/lib/common/protocolConverter.js:140:24)
	at asDiagnostic (/home/roos/.vscode-oss/extensions/scalameta.metals-1.49.0-universal/node_modules/vscode-languageclient/lib/common/protocolConverter.js:70:66)
	at convertBatch (/home/roos/.vscode-oss/extensions/scalameta.metals-1.49.0-universal/node_modules/vscode-languageclient/lib/common/utils/async.js:193:25)
	at Object.map (/home/roos/.vscode-oss/extensions/scalameta.metals-1.49.0-universal/node_modules/vscode-languageclient/lib/common/utils/async.js:202:17)
	at Object.asDiagnostics (/home/roos/.vscode-oss/extensions/scalameta.metals-1.49.0-universal/node_modules/vscode-languageclient/lib/common/protocolConverter.js:60:22)
	at LanguageClient.workDiagnosticQueue (/home/roos/.vscode-oss/extensions/scalameta.metals-1.49.0-universal/node_modules/vscode-languageclient/lib/common/client.js:1101:19)
	at Immediate.<anonymous> (/home/roos/.vscode-oss/extensions/scalameta.metals-1.49.0-universal/node_modules/vscode-languageclient/lib/common/client.js:1086:85)
	at process.processImmediate (node:internal/timers:483:21)
2025-05-10 15:20:23.183 [error] Error: Illegal argument: line must be non-negative
	at Ce (file:///usr/lib/code/out/vs/workbench/api/node/extensionHostProcess.js:7:1282)
	at new oo (file:///usr/lib/code/out/vs/workbench/api/node/extensionHostProcess.js:107:9737)
	at $s (file:///usr/lib/code/out/vs/workbench/api/node/extensionHostProcess.js:107:11291)
	at asRange (/home/roos/.vscode-oss/extensions/scalameta.metals-1.49.0-universal/node_modules/vscode-languageclient/lib/common/protocolConverter.js:140:24)
	at asDiagnostic (/home/roos/.vscode-oss/extensions/scalameta.metals-1.49.0-universal/node_modules/vscode-languageclient/lib/common/protocolConverter.js:70:66)
	at convertBatch (/home/roos/.vscode-oss/extensions/scalameta.metals-1.49.0-universal/node_modules/vscode-languageclient/lib/common/utils/async.js:193:25)
	at Object.map (/home/roos/.vscode-oss/extensions/scalameta.metals-1.49.0-universal/node_modules/vscode-languageclient/lib/common/utils/async.js:202:17)
	at Object.asDiagnostics (/home/roos/.vscode-oss/extensions/scalameta.metals-1.49.0-universal/node_modules/vscode-languageclient/lib/common/protocolConverter.js:60:22)
	at LanguageClient.workDiagnosticQueue (/home/roos/.vscode-oss/extensions/scalameta.metals-1.49.0-universal/node_modules/vscode-languageclient/lib/common/client.js:1101:19)
	at Immediate.<anonymous> (/home/roos/.vscode-oss/extensions/scalameta.metals-1.49.0-universal/node_modules/vscode-languageclient/lib/common/client.js:1086:85)
	at process.processImmediate (node:internal/timers:483:21)
2025-05-10 15:20:25.881 [error] Error: Illegal argument: line must be non-negative
	at Ce (file:///usr/lib/code/out/vs/workbench/api/node/extensionHostProcess.js:7:1282)
	at new oo (file:///usr/lib/code/out/vs/workbench/api/node/extensionHostProcess.js:107:9737)
	at $s (file:///usr/lib/code/out/vs/workbench/api/node/extensionHostProcess.js:107:11291)
	at asRange (/home/roos/.vscode-oss/extensions/scalameta.metals-1.49.0-universal/node_modules/vscode-languageclient/lib/common/protocolConverter.js:140:24)
	at asDiagnostic (/home/roos/.vscode-oss/extensions/scalameta.metals-1.49.0-universal/node_modules/vscode-languageclient/lib/common/protocolConverter.js:70:66)
	at convertBatch (/home/roos/.vscode-oss/extensions/scalameta.metals-1.49.0-universal/node_modules/vscode-languageclient/lib/common/utils/async.js:193:25)
	at Object.map (/home/roos/.vscode-oss/extensions/scalameta.metals-1.49.0-universal/node_modules/vscode-languageclient/lib/common/utils/async.js:202:17)
	at Object.asDiagnostics (/home/roos/.vscode-oss/extensions/scalameta.metals-1.49.0-universal/node_modules/vscode-languageclient/lib/common/protocolConverter.js:60:22)
	at LanguageClient.workDiagnosticQueue (/home/roos/.vscode-oss/extensions/scalameta.metals-1.49.0-universal/node_modules/vscode-languageclient/lib/common/client.js:1101:19)
	at Immediate.<anonymous> (/home/roos/.vscode-oss/extensions/scalameta.metals-1.49.0-universal/node_modules/vscode-languageclient/lib/common/client.js:1086:85)
	at process.processImmediate (node:internal/timers:483:21)
2025-05-10 15:20:25.883 [error] Error: Illegal argument: line must be non-negative
	at Ce (file:///usr/lib/code/out/vs/workbench/api/node/extensionHostProcess.js:7:1282)
	at new oo (file:///usr/lib/code/out/vs/workbench/api/node/extensionHostProcess.js:107:9737)
	at $s (file:///usr/lib/code/out/vs/workbench/api/node/extensionHostProcess.js:107:11291)
	at asRange (/home/roos/.vscode-oss/extensions/scalameta.metals-1.49.0-universal/node_modules/vscode-languageclient/lib/common/protocolConverter.js:140:24)
	at asDiagnostic (/home/roos/.vscode-oss/extensions/scalameta.metals-1.49.0-universal/node_modules/vscode-languageclient/lib/common/protocolConverter.js:70:66)
	at convertBatch (/home/roos/.vscode-oss/extensions/scalameta.metals-1.49.0-universal/node_modules/vscode-languageclient/lib/common/utils/async.js:193:25)
	at Object.map (/home/roos/.vscode-oss/extensions/scalameta.metals-1.49.0-universal/node_modules/vscode-languageclient/lib/common/utils/async.js:202:17)
	at Object.asDiagnostics (/home/roos/.vscode-oss/extensions/scalameta.metals-1.49.0-universal/node_modules/vscode-languageclient/lib/common/protocolConverter.js:60:22)
	at LanguageClient.workDiagnosticQueue (/home/roos/.vscode-oss/extensions/scalameta.metals-1.49.0-universal/node_modules/vscode-languageclient/lib/common/client.js:1101:19)
	at Immediate.<anonymous> (/home/roos/.vscode-oss/extensions/scalameta.metals-1.49.0-universal/node_modules/vscode-languageclient/lib/common/client.js:1086:85)
	at process.processImmediate (node:internal/timers:483:21)
2025-05-10 15:20:26.212 [error] Error: Illegal argument: line must be non-negative
	at Ce (file:///usr/lib/code/out/vs/workbench/api/node/extensionHostProcess.js:7:1282)
	at new oo (file:///usr/lib/code/out/vs/workbench/api/node/extensionHostProcess.js:107:9737)
	at $s (file:///usr/lib/code/out/vs/workbench/api/node/extensionHostProcess.js:107:11291)
	at asRange (/home/roos/.vscode-oss/extensions/scalameta.metals-1.49.0-universal/node_modules/vscode-languageclient/lib/common/protocolConverter.js:140:24)
	at asDiagnostic (/home/roos/.vscode-oss/extensions/scalameta.metals-1.49.0-universal/node_modules/vscode-languageclient/lib/common/protocolConverter.js:70:66)
	at convertBatch (/home/roos/.vscode-oss/extensions/scalameta.metals-1.49.0-universal/node_modules/vscode-languageclient/lib/common/utils/async.js:193:25)
	at Object.map (/home/roos/.vscode-oss/extensions/scalameta.metals-1.49.0-universal/node_modules/vscode-languageclient/lib/common/utils/async.js:202:17)
	at Object.asDiagnostics (/home/roos/.vscode-oss/extensions/scalameta.metals-1.49.0-universal/node_modules/vscode-languageclient/lib/common/protocolConverter.js:60:22)
	at LanguageClient.workDiagnosticQueue (/home/roos/.vscode-oss/extensions/scalameta.metals-1.49.0-universal/node_modules/vscode-languageclient/lib/common/client.js:1101:19)
	at Immediate.<anonymous> (/home/roos/.vscode-oss/extensions/scalameta.metals-1.49.0-universal/node_modules/vscode-languageclient/lib/common/client.js:1086:85)
	at process.processImmediate (node:internal/timers:483:21)
2025-05-10 15:20:26.216 [error] Error: Illegal argument: line must be non-negative
	at Ce (file:///usr/lib/code/out/vs/workbench/api/node/extensionHostProcess.js:7:1282)
	at new oo (file:///usr/lib/code/out/vs/workbench/api/node/extensionHostProcess.js:107:9737)
	at $s (file:///usr/lib/code/out/vs/workbench/api/node/extensionHostProcess.js:107:11291)
	at asRange (/home/roos/.vscode-oss/extensions/scalameta.metals-1.49.0-universal/node_modules/vscode-languageclient/lib/common/protocolConverter.js:140:24)
	at asDiagnostic (/home/roos/.vscode-oss/extensions/scalameta.metals-1.49.0-universal/node_modules/vscode-languageclient/lib/common/protocolConverter.js:70:66)
	at convertBatch (/home/roos/.vscode-oss/extensions/scalameta.metals-1.49.0-universal/node_modules/vscode-languageclient/lib/common/utils/async.js:193:25)
	at Object.map (/home/roos/.vscode-oss/extensions/scalameta.metals-1.49.0-universal/node_modules/vscode-languageclient/lib/common/utils/async.js:202:17)
	at Object.asDiagnostics (/home/roos/.vscode-oss/extensions/scalameta.metals-1.49.0-universal/node_modules/vscode-languageclient/lib/common/protocolConverter.js:60:22)
	at LanguageClient.workDiagnosticQueue (/home/roos/.vscode-oss/extensions/scalameta.metals-1.49.0-universal/node_modules/vscode-languageclient/lib/common/client.js:1101:19)
	at Immediate.<anonymous> (/home/roos/.vscode-oss/extensions/scalameta.metals-1.49.0-universal/node_modules/vscode-languageclient/lib/common/client.js:1086:85)
	at process.processImmediate (node:internal/timers:483:21)
2025-05-10 15:20:26.946 [error] Error: Illegal argument: line must be non-negative
	at Ce (file:///usr/lib/code/out/vs/workbench/api/node/extensionHostProcess.js:7:1282)
	at new oo (file:///usr/lib/code/out/vs/workbench/api/node/extensionHostProcess.js:107:9737)
	at $s (file:///usr/lib/code/out/vs/workbench/api/node/extensionHostProcess.js:107:11291)
	at asRange (/home/roos/.vscode-oss/extensions/scalameta.metals-1.49.0-universal/node_modules/vscode-languageclient/lib/common/protocolConverter.js:140:24)
	at asDiagnostic (/home/roos/.vscode-oss/extensions/scalameta.metals-1.49.0-universal/node_modules/vscode-languageclient/lib/common/protocolConverter.js:70:66)
	at convertBatch (/home/roos/.vscode-oss/extensions/scalameta.metals-1.49.0-universal/node_modules/vscode-languageclient/lib/common/utils/async.js:193:25)
	at Object.map (/home/roos/.vscode-oss/extensions/scalameta.metals-1.49.0-universal/node_modules/vscode-languageclient/lib/common/utils/async.js:202:17)
	at Object.asDiagnostics (/home/roos/.vscode-oss/extensions/scalameta.metals-1.49.0-universal/node_modules/vscode-languageclient/lib/common/protocolConverter.js:60:22)
	at LanguageClient.workDiagnosticQueue (/home/roos/.vscode-oss/extensions/scalameta.metals-1.49.0-universal/node_modules/vscode-languageclient/lib/common/client.js:1101:19)
	at Immediate.<anonymous> (/home/roos/.vscode-oss/extensions/scalameta.metals-1.49.0-universal/node_modules/vscode-languageclient/lib/common/client.js:1086:85)
	at process.processImmediate (node:internal/timers:483:21)
2025-05-10 15:20:26.952 [error] Error: Illegal argument: line must be non-negative
	at Ce (file:///usr/lib/code/out/vs/workbench/api/node/extensionHostProcess.js:7:1282)
	at new oo (file:///usr/lib/code/out/vs/workbench/api/node/extensionHostProcess.js:107:9737)
	at $s (file:///usr/lib/code/out/vs/workbench/api/node/extensionHostProcess.js:107:11291)
	at asRange (/home/roos/.vscode-oss/extensions/scalameta.metals-1.49.0-universal/node_modules/vscode-languageclient/lib/common/protocolConverter.js:140:24)
	at asDiagnostic (/home/roos/.vscode-oss/extensions/scalameta.metals-1.49.0-universal/node_modules/vscode-languageclient/lib/common/protocolConverter.js:70:66)
	at convertBatch (/home/roos/.vscode-oss/extensions/scalameta.metals-1.49.0-universal/node_modules/vscode-languageclient/lib/common/utils/async.js:193:25)
	at Object.map (/home/roos/.vscode-oss/extensions/scalameta.metals-1.49.0-universal/node_modules/vscode-languageclient/lib/common/utils/async.js:202:17)
	at Object.asDiagnostics (/home/roos/.vscode-oss/extensions/scalameta.metals-1.49.0-universal/node_modules/vscode-languageclient/lib/common/protocolConverter.js:60:22)
	at LanguageClient.workDiagnosticQueue (/home/roos/.vscode-oss/extensions/scalameta.metals-1.49.0-universal/node_modules/vscode-languageclient/lib/common/client.js:1101:19)
	at Immediate.<anonymous> (/home/roos/.vscode-oss/extensions/scalameta.metals-1.49.0-universal/node_modules/vscode-languageclient/lib/common/client.js:1086:85)
	at process.processImmediate (node:internal/timers:483:21)
2025-05-10 15:20:29.762 [error] Error: Illegal argument: line must be non-negative
	at Ce (file:///usr/lib/code/out/vs/workbench/api/node/extensionHostProcess.js:7:1282)
	at new oo (file:///usr/lib/code/out/vs/workbench/api/node/extensionHostProcess.js:107:9737)
	at $s (file:///usr/lib/code/out/vs/workbench/api/node/extensionHostProcess.js:107:11291)
	at asRange (/home/roos/.vscode-oss/extensions/scalameta.metals-1.49.0-universal/node_modules/vscode-languageclient/lib/common/protocolConverter.js:140:24)
	at asDiagnostic (/home/roos/.vscode-oss/extensions/scalameta.metals-1.49.0-universal/node_modules/vscode-languageclient/lib/common/protocolConverter.js:70:66)
	at convertBatch (/home/roos/.vscode-oss/extensions/scalameta.metals-1.49.0-universal/node_modules/vscode-languageclient/lib/common/utils/async.js:193:25)
	at Object.map (/home/roos/.vscode-oss/extensions/scalameta.metals-1.49.0-universal/node_modules/vscode-languageclient/lib/common/utils/async.js:202:17)
	at Object.asDiagnostics (/home/roos/.vscode-oss/extensions/scalameta.metals-1.49.0-universal/node_modules/vscode-languageclient/lib/common/protocolConverter.js:60:22)
	at LanguageClient.workDiagnosticQueue (/home/roos/.vscode-oss/extensions/scalameta.metals-1.49.0-universal/node_modules/vscode-languageclient/lib/common/client.js:1101:19)
	at Immediate.<anonymous> (/home/roos/.vscode-oss/extensions/scalameta.metals-1.49.0-universal/node_modules/vscode-languageclient/lib/common/client.js:1086:85)
	at process.processImmediate (node:internal/timers:483:21)
2025-05-10 15:20:29.766 [error] Error: Illegal argument: line must be non-negative
	at Ce (file:///usr/lib/code/out/vs/workbench/api/node/extensionHostProcess.js:7:1282)
	at new oo (file:///usr/lib/code/out/vs/workbench/api/node/extensionHostProcess.js:107:9737)
	at $s (file:///usr/lib/code/out/vs/workbench/api/node/extensionHostProcess.js:107:11291)
	at asRange (/home/roos/.vscode-oss/extensions/scalameta.metals-1.49.0-universal/node_modules/vscode-languageclient/lib/common/protocolConverter.js:140:24)
	at asDiagnostic (/home/roos/.vscode-oss/extensions/scalameta.metals-1.49.0-universal/node_modules/vscode-languageclient/lib/common/protocolConverter.js:70:66)
	at convertBatch (/home/roos/.vscode-oss/extensions/scalameta.metals-1.49.0-universal/node_modules/vscode-languageclient/lib/common/utils/async.js:193:25)
	at Object.map (/home/roos/.vscode-oss/extensions/scalameta.metals-1.49.0-universal/node_modules/vscode-languageclient/lib/common/utils/async.js:202:17)
	at Object.asDiagnostics (/home/roos/.vscode-oss/extensions/scalameta.metals-1.49.0-universal/node_modules/vscode-languageclient/lib/common/protocolConverter.js:60:22)
	at LanguageClient.workDiagnosticQueue (/home/roos/.vscode-oss/extensions/scalameta.metals-1.49.0-universal/node_modules/vscode-languageclient/lib/common/client.js:1101:19)
	at Immediate.<anonymous> (/home/roos/.vscode-oss/extensions/scalameta.metals-1.49.0-universal/node_modules/vscode-languageclient/lib/common/client.js:1086:85)
	at process.processImmediate (node:internal/timers:483:21)
2025-05-10 15:20:30.123 [error] Error: Illegal argument: line must be non-negative
	at Ce (file:///usr/lib/code/out/vs/workbench/api/node/extensionHostProcess.js:7:1282)
	at new oo (file:///usr/lib/code/out/vs/workbench/api/node/extensionHostProcess.js:107:9737)
	at $s (file:///usr/lib/code/out/vs/workbench/api/node/extensionHostProcess.js:107:11291)
	at asRange (/home/roos/.vscode-oss/extensions/scalameta.metals-1.49.0-universal/node_modules/vscode-languageclient/lib/common/protocolConverter.js:140:24)
	at asDiagnostic (/home/roos/.vscode-oss/extensions/scalameta.metals-1.49.0-universal/node_modules/vscode-languageclient/lib/common/protocolConverter.js:70:66)
	at convertBatch (/home/roos/.vscode-oss/extensions/scalameta.metals-1.49.0-universal/node_modules/vscode-languageclient/lib/common/utils/async.js:193:25)
	at Object.map (/home/roos/.vscode-oss/extensions/scalameta.metals-1.49.0-universal/node_modules/vscode-languageclient/lib/common/utils/async.js:202:17)
	at Object.asDiagnostics (/home/roos/.vscode-oss/extensions/scalameta.metals-1.49.0-universal/node_modules/vscode-languageclient/lib/common/protocolConverter.js:60:22)
	at LanguageClient.workDiagnosticQueue (/home/roos/.vscode-oss/extensions/scalameta.metals-1.49.0-universal/node_modules/vscode-languageclient/lib/common/client.js:1101:19)
	at Immediate.<anonymous> (/home/roos/.vscode-oss/extensions/scalameta.metals-1.49.0-universal/node_modules/vscode-languageclient/lib/common/client.js:1086:85)
	at process.processImmediate (node:internal/timers:483:21)
2025-05-10 15:20:30.127 [error] Error: Illegal argument: line must be non-negative
	at Ce (file:///usr/lib/code/out/vs/workbench/api/node/extensionHostProcess.js:7:1282)
	at new oo (file:///usr/lib/code/out/vs/workbench/api/node/extensionHostProcess.js:107:9737)
	at $s (file:///usr/lib/code/out/vs/workbench/api/node/extensionHostProcess.js:107:11291)
	at asRange (/home/roos/.vscode-oss/extensions/scalameta.metals-1.49.0-universal/node_modules/vscode-languageclient/lib/common/protocolConverter.js:140:24)
	at asDiagnostic (/home/roos/.vscode-oss/extensions/scalameta.metals-1.49.0-universal/node_modules/vscode-languageclient/lib/common/protocolConverter.js:70:66)
	at convertBatch (/home/roos/.vscode-oss/extensions/scalameta.metals-1.49.0-universal/node_modules/vscode-languageclient/lib/common/utils/async.js:193:25)
	at Object.map (/home/roos/.vscode-oss/extensions/scalameta.metals-1.49.0-universal/node_modules/vscode-languageclient/lib/common/utils/async.js:202:17)
	at Object.asDiagnostics (/home/roos/.vscode-oss/extensions/scalameta.metals-1.49.0-universal/node_modules/vscode-languageclient/lib/common/protocolConverter.js:60:22)
	at LanguageClient.workDiagnosticQueue (/home/roos/.vscode-oss/extensions/scalameta.metals-1.49.0-universal/node_modules/vscode-languageclient/lib/common/client.js:1101:19)
	at Immediate.<anonymous> (/home/roos/.vscode-oss/extensions/scalameta.metals-1.49.0-universal/node_modules/vscode-languageclient/lib/common/client.js:1086:85)
	at process.processImmediate (node:internal/timers:483:21)
2025-05-10 15:20:30.338 [error] Error: Illegal argument: line must be non-negative
	at Ce (file:///usr/lib/code/out/vs/workbench/api/node/extensionHostProcess.js:7:1282)
	at new oo (file:///usr/lib/code/out/vs/workbench/api/node/extensionHostProcess.js:107:9737)
	at $s (file:///usr/lib/code/out/vs/workbench/api/node/extensionHostProcess.js:107:11291)
	at asRange (/home/roos/.vscode-oss/extensions/scalameta.metals-1.49.0-universal/node_modules/vscode-languageclient/lib/common/protocolConverter.js:140:24)
	at asDiagnostic (/home/roos/.vscode-oss/extensions/scalameta.metals-1.49.0-universal/node_modules/vscode-languageclient/lib/common/protocolConverter.js:70:66)
	at convertBatch (/home/roos/.vscode-oss/extensions/scalameta.metals-1.49.0-universal/node_modules/vscode-languageclient/lib/common/utils/async.js:193:25)
	at Object.map (/home/roos/.vscode-oss/extensions/scalameta.metals-1.49.0-universal/node_modules/vscode-languageclient/lib/common/utils/async.js:202:17)
	at Object.asDiagnostics (/home/roos/.vscode-oss/extensions/scalameta.metals-1.49.0-universal/node_modules/vscode-languageclient/lib/common/protocolConverter.js:60:22)
	at LanguageClient.workDiagnosticQueue (/home/roos/.vscode-oss/extensions/scalameta.metals-1.49.0-universal/node_modules/vscode-languageclient/lib/common/client.js:1101:19)
	at Immediate.<anonymous> (/home/roos/.vscode-oss/extensions/scalameta.metals-1.49.0-universal/node_modules/vscode-languageclient/lib/common/client.js:1086:85)
	at process.processImmediate (node:internal/timers:483:21)
2025-05-10 15:20:30.344 [error] Error: Illegal argument: line must be non-negative
	at Ce (file:///usr/lib/code/out/vs/workbench/api/node/extensionHostProcess.js:7:1282)
	at new oo (file:///usr/lib/code/out/vs/workbench/api/node/extensionHostProcess.js:107:9737)
	at $s (file:///usr/lib/code/out/vs/workbench/api/node/extensionHostProcess.js:107:11291)
	at asRange (/home/roos/.vscode-oss/extensions/scalameta.metals-1.49.0-universal/node_modules/vscode-languageclient/lib/common/protocolConverter.js:140:24)
	at asDiagnostic (/home/roos/.vscode-oss/extensions/scalameta.metals-1.49.0-universal/node_modules/vscode-languageclient/lib/common/protocolConverter.js:70:66)
	at convertBatch (/home/roos/.vscode-oss/extensions/scalameta.metals-1.49.0-universal/node_modules/vscode-languageclient/lib/common/utils/async.js:193:25)
	at Object.map (/home/roos/.vscode-oss/extensions/scalameta.metals-1.49.0-universal/node_modules/vscode-languageclient/lib/common/utils/async.js:202:17)
	at Object.asDiagnostics (/home/roos/.vscode-oss/extensions/scalameta.metals-1.49.0-universal/node_modules/vscode-languageclient/lib/common/protocolConverter.js:60:22)
	at LanguageClient.workDiagnosticQueue (/home/roos/.vscode-oss/extensions/scalameta.metals-1.49.0-universal/node_modules/vscode-languageclient/lib/common/client.js:1101:19)
	at Immediate.<anonymous> (/home/roos/.vscode-oss/extensions/scalameta.metals-1.49.0-universal/node_modules/vscode-languageclient/lib/common/client.js:1086:85)
	at process.processImmediate (node:internal/timers:483:21)
2025-05-10 15:20:30.505 [error] Error: Illegal argument: line must be non-negative
	at Ce (file:///usr/lib/code/out/vs/workbench/api/node/extensionHostProcess.js:7:1282)
	at new oo (file:///usr/lib/code/out/vs/workbench/api/node/extensionHostProcess.js:107:9737)
	at $s (file:///usr/lib/code/out/vs/workbench/api/node/extensionHostProcess.js:107:11291)
	at asRange (/home/roos/.vscode-oss/extensions/scalameta.metals-1.49.0-universal/node_modules/vscode-languageclient/lib/common/protocolConverter.js:140:24)
	at asDiagnostic (/home/roos/.vscode-oss/extensions/scalameta.metals-1.49.0-universal/node_modules/vscode-languageclient/lib/common/protocolConverter.js:70:66)
	at convertBatch (/home/roos/.vscode-oss/extensions/scalameta.metals-1.49.0-universal/node_modules/vscode-languageclient/lib/common/utils/async.js:193:25)
	at Object.map (/home/roos/.vscode-oss/extensions/scalameta.metals-1.49.0-universal/node_modules/vscode-languageclient/lib/common/utils/async.js:202:17)
	at Object.asDiagnostics (/home/roos/.vscode-oss/extensions/scalameta.metals-1.49.0-universal/node_modules/vscode-languageclient/lib/common/protocolConverter.js:60:22)
	at LanguageClient.workDiagnosticQueue (/home/roos/.vscode-oss/extensions/scalameta.metals-1.49.0-universal/node_modules/vscode-languageclient/lib/common/client.js:1101:19)
	at Immediate.<anonymous> (/home/roos/.vscode-oss/extensions/scalameta.metals-1.49.0-universal/node_modules/vscode-languageclient/lib/common/client.js:1086:85)
	at process.processImmediate (node:internal/timers:483:21)
2025-05-10 15:20:30.509 [error] Error: Illegal argument: line must be non-negative
	at Ce (file:///usr/lib/code/out/vs/workbench/api/node/extensionHostProcess.js:7:1282)
	at new oo (file:///usr/lib/code/out/vs/workbench/api/node/extensionHostProcess.js:107:9737)
	at $s (file:///usr/lib/code/out/vs/workbench/api/node/extensionHostProcess.js:107:11291)
	at asRange (/home/roos/.vscode-oss/extensions/scalameta.metals-1.49.0-universal/node_modules/vscode-languageclient/lib/common/protocolConverter.js:140:24)
	at asDiagnostic (/home/roos/.vscode-oss/extensions/scalameta.metals-1.49.0-universal/node_modules/vscode-languageclient/lib/common/protocolConverter.js:70:66)
	at convertBatch (/home/roos/.vscode-oss/extensions/scalameta.metals-1.49.0-universal/node_modules/vscode-languageclient/lib/common/utils/async.js:193:25)
	at Object.map (/home/roos/.vscode-oss/extensions/scalameta.metals-1.49.0-universal/node_modules/vscode-languageclient/lib/common/utils/async.js:202:17)
	at Object.asDiagnostics (/home/roos/.vscode-oss/extensions/scalameta.metals-1.49.0-universal/node_modules/vscode-languageclient/lib/common/protocolConverter.js:60:22)
	at LanguageClient.workDiagnosticQueue (/home/roos/.vscode-oss/extensions/scalameta.metals-1.49.0-universal/node_modules/vscode-languageclient/lib/common/client.js:1101:19)
	at Immediate.<anonymous> (/home/roos/.vscode-oss/extensions/scalameta.metals-1.49.0-universal/node_modules/vscode-languageclient/lib/common/client.js:1086:85)
	at process.processImmediate (node:internal/timers:483:21)
2025-05-10 15:20:30.638 [error] Error: Illegal argument: line must be non-negative
	at Ce (file:///usr/lib/code/out/vs/workbench/api/node/extensionHostProcess.js:7:1282)
	at new oo (file:///usr/lib/code/out/vs/workbench/api/node/extensionHostProcess.js:107:9737)
	at $s (file:///usr/lib/code/out/vs/workbench/api/node/extensionHostProcess.js:107:11291)
	at asRange (/home/roos/.vscode-oss/extensions/scalameta.metals-1.49.0-universal/node_modules/vscode-languageclient/lib/common/protocolConverter.js:140:24)
	at asDiagnostic (/home/roos/.vscode-oss/extensions/scalameta.metals-1.49.0-universal/node_modules/vscode-languageclient/lib/common/protocolConverter.js:70:66)
	at convertBatch (/home/roos/.vscode-oss/extensions/scalameta.metals-1.49.0-universal/node_modules/vscode-languageclient/lib/common/utils/async.js:193:25)
	at Object.map (/home/roos/.vscode-oss/extensions/scalameta.metals-1.49.0-universal/node_modules/vscode-languageclient/lib/common/utils/async.js:202:17)
	at Object.asDiagnostics (/home/roos/.vscode-oss/extensions/scalameta.metals-1.49.0-universal/node_modules/vscode-languageclient/lib/common/protocolConverter.js:60:22)
	at LanguageClient.workDiagnosticQueue (/home/roos/.vscode-oss/extensions/scalameta.metals-1.49.0-universal/node_modules/vscode-languageclient/lib/common/client.js:1101:19)
	at Immediate.<anonymous> (/home/roos/.vscode-oss/extensions/scalameta.metals-1.49.0-universal/node_modules/vscode-languageclient/lib/common/client.js:1086:85)
	at process.processImmediate (node:internal/timers:483:21)
2025-05-10 15:20:30.640 [error] Error: Illegal argument: line must be non-negative
	at Ce (file:///usr/lib/code/out/vs/workbench/api/node/extensionHostProcess.js:7:1282)
	at new oo (file:///usr/lib/code/out/vs/workbench/api/node/extensionHostProcess.js:107:9737)
	at $s (file:///usr/lib/code/out/vs/workbench/api/node/extensionHostProcess.js:107:11291)
	at asRange (/home/roos/.vscode-oss/extensions/scalameta.metals-1.49.0-universal/node_modules/vscode-languageclient/lib/common/protocolConverter.js:140:24)
	at asDiagnostic (/home/roos/.vscode-oss/extensions/scalameta.metals-1.49.0-universal/node_modules/vscode-languageclient/lib/common/protocolConverter.js:70:66)
	at convertBatch (/home/roos/.vscode-oss/extensions/scalameta.metals-1.49.0-universal/node_modules/vscode-languageclient/lib/common/utils/async.js:193:25)
	at Object.map (/home/roos/.vscode-oss/extensions/scalameta.metals-1.49.0-universal/node_modules/vscode-languageclient/lib/common/utils/async.js:202:17)
	at Object.asDiagnostics (/home/roos/.vscode-oss/extensions/scalameta.metals-1.49.0-universal/node_modules/vscode-languageclient/lib/common/protocolConverter.js:60:22)
	at LanguageClient.workDiagnosticQueue (/home/roos/.vscode-oss/extensions/scalameta.metals-1.49.0-universal/node_modules/vscode-languageclient/lib/common/client.js:1101:19)
	at Immediate.<anonymous> (/home/roos/.vscode-oss/extensions/scalameta.metals-1.49.0-universal/node_modules/vscode-languageclient/lib/common/client.js:1086:85)
	at process.processImmediate (node:internal/timers:483:21)
2025-05-10 15:20:30.788 [error] Error: Illegal argument: line must be non-negative
	at Ce (file:///usr/lib/code/out/vs/workbench/api/node/extensionHostProcess.js:7:1282)
	at new oo (file:///usr/lib/code/out/vs/workbench/api/node/extensionHostProcess.js:107:9737)
	at $s (file:///usr/lib/code/out/vs/workbench/api/node/extensionHostProcess.js:107:11291)
	at asRange (/home/roos/.vscode-oss/extensions/scalameta.metals-1.49.0-universal/node_modules/vscode-languageclient/lib/common/protocolConverter.js:140:24)
	at asDiagnostic (/home/roos/.vscode-oss/extensions/scalameta.metals-1.49.0-universal/node_modules/vscode-languageclient/lib/common/protocolConverter.js:70:66)
	at convertBatch (/home/roos/.vscode-oss/extensions/scalameta.metals-1.49.0-universal/node_modules/vscode-languageclient/lib/common/utils/async.js:193:25)
	at Object.map (/home/roos/.vscode-oss/extensions/scalameta.metals-1.49.0-universal/node_modules/vscode-languageclient/lib/common/utils/async.js:202:17)
	at Object.asDiagnostics (/home/roos/.vscode-oss/extensions/scalameta.metals-1.49.0-universal/node_modules/vscode-languageclient/lib/common/protocolConverter.js:60:22)
	at LanguageClient.workDiagnosticQueue (/home/roos/.vscode-oss/extensions/scalameta.metals-1.49.0-universal/node_modules/vscode-languageclient/lib/common/client.js:1101:19)
	at Immediate.<anonymous> (/home/roos/.vscode-oss/extensions/scalameta.metals-1.49.0-universal/node_modules/vscode-languageclient/lib/common/client.js:1086:85)
	at process.processImmediate (node:internal/timers:483:21)
2025-05-10 15:20:30.789 [error] Error: Illegal argument: line must be non-negative
	at Ce (file:///usr/lib/code/out/vs/workbench/api/node/extensionHostProcess.js:7:1282)
	at new oo (file:///usr/lib/code/out/vs/workbench/api/node/extensionHostProcess.js:107:9737)
	at $s (file:///usr/lib/code/out/vs/workbench/api/node/extensionHostProcess.js:107:11291)
	at asRange (/home/roos/.vscode-oss/extensions/scalameta.metals-1.49.0-universal/node_modules/vscode-languageclient/lib/common/protocolConverter.js:140:24)
	at asDiagnostic (/home/roos/.vscode-oss/extensions/scalameta.metals-1.49.0-universal/node_modules/vscode-languageclient/lib/common/protocolConverter.js:70:66)
	at convertBatch (/home/roos/.vscode-oss/extensions/scalameta.metals-1.49.0-universal/node_modules/vscode-languageclient/lib/common/utils/async.js:193:25)
	at Object.map (/home/roos/.vscode-oss/extensions/scalameta.metals-1.49.0-universal/node_modules/vscode-languageclient/lib/common/utils/async.js:202:17)
	at Object.asDiagnostics (/home/roos/.vscode-oss/extensions/scalameta.metals-1.49.0-universal/node_modules/vscode-languageclient/lib/common/protocolConverter.js:60:22)
	at LanguageClient.workDiagnosticQueue (/home/roos/.vscode-oss/extensions/scalameta.metals-1.49.0-universal/node_modules/vscode-languageclient/lib/common/client.js:1101:19)
	at Immediate.<anonymous> (/home/roos/.vscode-oss/extensions/scalameta.metals-1.49.0-universal/node_modules/vscode-languageclient/lib/common/client.js:1086:85)
	at process.processImmediate (node:internal/timers:483:21)
2025-05-10 15:20:30.874 [error] Error: Illegal argument: line must be non-negative
	at Ce (file:///usr/lib/code/out/vs/workbench/api/node/extensionHostProcess.js:7:1282)
	at new oo (file:///usr/lib/code/out/vs/workbench/api/node/extensionHostProcess.js:107:9737)
	at $s (file:///usr/lib/code/out/vs/workbench/api/node/extensionHostProcess.js:107:11291)
	at asRange (/home/roos/.vscode-oss/extensions/scalameta.metals-1.49.0-universal/node_modules/vscode-languageclient/lib/common/protocolConverter.js:140:24)
	at asDiagnostic (/home/roos/.vscode-oss/extensions/scalameta.metals-1.49.0-universal/node_modules/vscode-languageclient/lib/common/protocolConverter.js:70:66)
	at convertBatch (/home/roos/.vscode-oss/extensions/scalameta.metals-1.49.0-universal/node_modules/vscode-languageclient/lib/common/utils/async.js:193:25)
	at Object.map (/home/roos/.vscode-oss/extensions/scalameta.metals-1.49.0-universal/node_modules/vscode-languageclient/lib/common/utils/async.js:202:17)
	at Object.asDiagnostics (/home/roos/.vscode-oss/extensions/scalameta.metals-1.49.0-universal/node_modules/vscode-languageclient/lib/common/protocolConverter.js:60:22)
	at LanguageClient.workDiagnosticQueue (/home/roos/.vscode-oss/extensions/scalameta.metals-1.49.0-universal/node_modules/vscode-languageclient/lib/common/client.js:1101:19)
	at Immediate.<anonymous> (/home/roos/.vscode-oss/extensions/scalameta.metals-1.49.0-universal/node_modules/vscode-languageclient/lib/common/client.js:1086:85)
	at process.processImmediate (node:internal/timers:483:21)
2025-05-10 15:20:30.876 [error] Error: Illegal argument: line must be non-negative
	at Ce (file:///usr/lib/code/out/vs/workbench/api/node/extensionHostProcess.js:7:1282)
	at new oo (file:///usr/lib/code/out/vs/workbench/api/node/extensionHostProcess.js:107:9737)
	at $s (file:///usr/lib/code/out/vs/workbench/api/node/extensionHostProcess.js:107:11291)
	at asRange (/home/roos/.vscode-oss/extensions/scalameta.metals-1.49.0-universal/node_modules/vscode-languageclient/lib/common/protocolConverter.js:140:24)
	at asDiagnostic (/home/roos/.vscode-oss/extensions/scalameta.metals-1.49.0-universal/node_modules/vscode-languageclient/lib/common/protocolConverter.js:70:66)
	at convertBatch (/home/roos/.vscode-oss/extensions/scalameta.metals-1.49.0-universal/node_modules/vscode-languageclient/lib/common/utils/async.js:193:25)
	at Object.map (/home/roos/.vscode-oss/extensions/scalameta.metals-1.49.0-universal/node_modules/vscode-languageclient/lib/common/utils/async.js:202:17)
	at Object.asDiagnostics (/home/roos/.vscode-oss/extensions/scalameta.metals-1.49.0-universal/node_modules/vscode-languageclient/lib/common/protocolConverter.js:60:22)
	at LanguageClient.workDiagnosticQueue (/home/roos/.vscode-oss/extensions/scalameta.metals-1.49.0-universal/node_modules/vscode-languageclient/lib/common/client.js:1101:19)
	at Immediate.<anonymous> (/home/roos/.vscode-oss/extensions/scalameta.metals-1.49.0-universal/node_modules/vscode-languageclient/lib/common/client.js:1086:85)
	at process.processImmediate (node:internal/timers:483:21)
2025-05-10 15:20:31.011 [error] Error: Illegal argument: line must be non-negative
	at Ce (file:///usr/lib/code/out/vs/workbench/api/node/extensionHostProcess.js:7:1282)
	at new oo (file:///usr/lib/code/out/vs/workbench/api/node/extensionHostProcess.js:107:9737)
	at $s (file:///usr/lib/code/out/vs/workbench/api/node/extensionHostProcess.js:107:11291)
	at asRange (/home/roos/.vscode-oss/extensions/scalameta.metals-1.49.0-universal/node_modules/vscode-languageclient/lib/common/protocolConverter.js:140:24)
	at asDiagnostic (/home/roos/.vscode-oss/extensions/scalameta.metals-1.49.0-universal/node_modules/vscode-languageclient/lib/common/protocolConverter.js:70:66)
	at convertBatch (/home/roos/.vscode-oss/extensions/scalameta.metals-1.49.0-universal/node_modules/vscode-languageclient/lib/common/utils/async.js:193:25)
	at Object.map (/home/roos/.vscode-oss/extensions/scalameta.metals-1.49.0-universal/node_modules/vscode-languageclient/lib/common/utils/async.js:202:17)
	at Object.asDiagnostics (/home/roos/.vscode-oss/extensions/scalameta.metals-1.49.0-universal/node_modules/vscode-languageclient/lib/common/protocolConverter.js:60:22)
	at LanguageClient.workDiagnosticQueue (/home/roos/.vscode-oss/extensions/scalameta.metals-1.49.0-universal/node_modules/vscode-languageclient/lib/common/client.js:1101:19)
	at Immediate.<anonymous> (/home/roos/.vscode-oss/extensions/scalameta.metals-1.49.0-universal/node_modules/vscode-languageclient/lib/common/client.js:1086:85)
	at process.processImmediate (node:internal/timers:483:21)
2025-05-10 15:20:31.013 [error] Error: Illegal argument: line must be non-negative
	at Ce (file:///usr/lib/code/out/vs/workbench/api/node/extensionHostProcess.js:7:1282)
	at new oo (file:///usr/lib/code/out/vs/workbench/api/node/extensionHostProcess.js:107:9737)
	at $s (file:///usr/lib/code/out/vs/workbench/api/node/extensionHostProcess.js:107:11291)
	at asRange (/home/roos/.vscode-oss/extensions/scalameta.metals-1.49.0-universal/node_modules/vscode-languageclient/lib/common/protocolConverter.js:140:24)
	at asDiagnostic (/home/roos/.vscode-oss/extensions/scalameta.metals-1.49.0-universal/node_modules/vscode-languageclient/lib/common/protocolConverter.js:70:66)
	at convertBatch (/home/roos/.vscode-oss/extensions/scalameta.metals-1.49.0-universal/node_modules/vscode-languageclient/lib/common/utils/async.js:193:25)
	at Object.map (/home/roos/.vscode-oss/extensions/scalameta.metals-1.49.0-universal/node_modules/vscode-languageclient/lib/common/utils/async.js:202:17)
	at Object.asDiagnostics (/home/roos/.vscode-oss/extensions/scalameta.metals-1.49.0-universal/node_modules/vscode-languageclient/lib/common/protocolConverter.js:60:22)
	at LanguageClient.workDiagnosticQueue (/home/roos/.vscode-oss/extensions/scalameta.metals-1.49.0-universal/node_modules/vscode-languageclient/lib/common/client.js:1101:19)
	at Immediate.<anonymous> (/home/roos/.vscode-oss/extensions/scalameta.metals-1.49.0-universal/node_modules/vscode-languageclient/lib/common/client.js:1086:85)
	at process.processImmediate (node:internal/timers:483:21)
2025-05-10 15:20:31.333 [error] Error: Illegal argument: line must be non-negative
	at Ce (file:///usr/lib/code/out/vs/workbench/api/node/extensionHostProcess.js:7:1282)
	at new oo (file:///usr/lib/code/out/vs/workbench/api/node/extensionHostProcess.js:107:9737)
	at $s (file:///usr/lib/code/out/vs/workbench/api/node/extensionHostProcess.js:107:11291)
	at asRange (/home/roos/.vscode-oss/extensions/scalameta.metals-1.49.0-universal/node_modules/vscode-languageclient/lib/common/protocolConverter.js:140:24)
	at asDiagnostic (/home/roos/.vscode-oss/extensions/scalameta.metals-1.49.0-universal/node_modules/vscode-languageclient/lib/common/protocolConverter.js:70:66)
	at convertBatch (/home/roos/.vscode-oss/extensions/scalameta.metals-1.49.0-universal/node_modules/vscode-languageclient/lib/common/utils/async.js:193:25)
	at Object.map (/home/roos/.vscode-oss/extensions/scalameta.metals-1.49.0-universal/node_modules/vscode-languageclient/lib/common/utils/async.js:202:17)
	at Object.asDiagnostics (/home/roos/.vscode-oss/extensions/scalameta.metals-1.49.0-universal/node_modules/vscode-languageclient/lib/common/protocolConverter.js:60:22)
	at LanguageClient.workDiagnosticQueue (/home/roos/.vscode-oss/extensions/scalameta.metals-1.49.0-universal/node_modules/vscode-languageclient/lib/common/client.js:1101:19)
	at Immediate.<anonymous> (/home/roos/.vscode-oss/extensions/scalameta.metals-1.49.0-universal/node_modules/vscode-languageclient/lib/common/client.js:1086:85)
	at process.processImmediate (node:internal/timers:483:21)
2025-05-10 15:20:31.338 [error] Error: Illegal argument: line must be non-negative
	at Ce (file:///usr/lib/code/out/vs/workbench/api/node/extensionHostProcess.js:7:1282)
	at new oo (file:///usr/lib/code/out/vs/workbench/api/node/extensionHostProcess.js:107:9737)
	at $s (file:///usr/lib/code/out/vs/workbench/api/node/extensionHostProcess.js:107:11291)
	at asRange (/home/roos/.vscode-oss/extensions/scalameta.metals-1.49.0-universal/node_modules/vscode-languageclient/lib/common/protocolConverter.js:140:24)
	at asDiagnostic (/home/roos/.vscode-oss/extensions/scalameta.metals-1.49.0-universal/node_modules/vscode-languageclient/lib/common/protocolConverter.js:70:66)
	at convertBatch (/home/roos/.vscode-oss/extensions/scalameta.metals-1.49.0-universal/node_modules/vscode-languageclient/lib/common/utils/async.js:193:25)
	at Object.map (/home/roos/.vscode-oss/extensions/scalameta.metals-1.49.0-universal/node_modules/vscode-languageclient/lib/common/utils/async.js:202:17)
	at Object.asDiagnostics (/home/roos/.vscode-oss/extensions/scalameta.metals-1.49.0-universal/node_modules/vscode-languageclient/lib/common/protocolConverter.js:60:22)
	at LanguageClient.workDiagnosticQueue (/home/roos/.vscode-oss/extensions/scalameta.metals-1.49.0-universal/node_modules/vscode-languageclient/lib/common/client.js:1101:19)
	at Immediate.<anonymous> (/home/roos/.vscode-oss/extensions/scalameta.metals-1.49.0-universal/node_modules/vscode-languageclient/lib/common/client.js:1086:85)
	at process.processImmediate (node:internal/timers:483:21)
2025-05-10 15:20:32.086 [error] Error: Illegal argument: line must be non-negative
	at Ce (file:///usr/lib/code/out/vs/workbench/api/node/extensionHostProcess.js:7:1282)
	at new oo (file:///usr/lib/code/out/vs/workbench/api/node/extensionHostProcess.js:107:9737)
	at $s (file:///usr/lib/code/out/vs/workbench/api/node/extensionHostProcess.js:107:11291)
	at asRange (/home/roos/.vscode-oss/extensions/scalameta.metals-1.49.0-universal/node_modules/vscode-languageclient/lib/common/protocolConverter.js:140:24)
	at asDiagnostic (/home/roos/.vscode-oss/extensions/scalameta.metals-1.49.0-universal/node_modules/vscode-languageclient/lib/common/protocolConverter.js:70:66)
	at convertBatch (/home/roos/.vscode-oss/extensions/scalameta.metals-1.49.0-universal/node_modules/vscode-languageclient/lib/common/utils/async.js:193:25)
	at Object.map (/home/roos/.vscode-oss/extensions/scalameta.metals-1.49.0-universal/node_modules/vscode-languageclient/lib/common/utils/async.js:202:17)
	at Object.asDiagnostics (/home/roos/.vscode-oss/extensions/scalameta.metals-1.49.0-universal/node_modules/vscode-languageclient/lib/common/protocolConverter.js:60:22)
	at LanguageClient.workDiagnosticQueue (/home/roos/.vscode-oss/extensions/scalameta.metals-1.49.0-universal/node_modules/vscode-languageclient/lib/common/client.js:1101:19)
	at Immediate.<anonymous> (/home/roos/.vscode-oss/extensions/scalameta.metals-1.49.0-universal/node_modules/vscode-languageclient/lib/common/client.js:1086:85)
	at process.processImmediate (node:internal/timers:483:21)
2025-05-10 15:20:32.090 [error] Error: Illegal argument: line must be non-negative
	at Ce (file:///usr/lib/code/out/vs/workbench/api/node/extensionHostProcess.js:7:1282)
	at new oo (file:///usr/lib/code/out/vs/workbench/api/node/extensionHostProcess.js:107:9737)
	at $s (file:///usr/lib/code/out/vs/workbench/api/node/extensionHostProcess.js:107:11291)
	at asRange (/home/roos/.vscode-oss/extensions/scalameta.metals-1.49.0-universal/node_modules/vscode-languageclient/lib/common/protocolConverter.js:140:24)
	at asDiagnostic (/home/roos/.vscode-oss/extensions/scalameta.metals-1.49.0-universal/node_modules/vscode-languageclient/lib/common/protocolConverter.js:70:66)
	at convertBatch (/home/roos/.vscode-oss/extensions/scalameta.metals-1.49.0-universal/node_modules/vscode-languageclient/lib/common/utils/async.js:193:25)
	at Object.map (/home/roos/.vscode-oss/extensions/scalameta.metals-1.49.0-universal/node_modules/vscode-languageclient/lib/common/utils/async.js:202:17)
	at Object.asDiagnostics (/home/roos/.vscode-oss/extensions/scalameta.metals-1.49.0-universal/node_modules/vscode-languageclient/lib/common/protocolConverter.js:60:22)
	at LanguageClient.workDiagnosticQueue (/home/roos/.vscode-oss/extensions/scalameta.metals-1.49.0-universal/node_modules/vscode-languageclient/lib/common/client.js:1101:19)
	at Immediate.<anonymous> (/home/roos/.vscode-oss/extensions/scalameta.metals-1.49.0-universal/node_modules/vscode-languageclient/lib/common/client.js:1086:85)
	at process.processImmediate (node:internal/timers:483:21)
2025-05-10 15:20:34.928 [error] Error: Illegal argument: line must be non-negative
	at Ce (file:///usr/lib/code/out/vs/workbench/api/node/extensionHostProcess.js:7:1282)
	at new oo (file:///usr/lib/code/out/vs/workbench/api/node/extensionHostProcess.js:107:9737)
	at $s (file:///usr/lib/code/out/vs/workbench/api/node/extensionHostProcess.js:107:11291)
	at asRange (/home/roos/.vscode-oss/extensions/scalameta.metals-1.49.0-universal/node_modules/vscode-languageclient/lib/common/protocolConverter.js:140:24)
	at asDiagnostic (/home/roos/.vscode-oss/extensions/scalameta.metals-1.49.0-universal/node_modules/vscode-languageclient/lib/common/protocolConverter.js:70:66)
	at convertBatch (/home/roos/.vscode-oss/extensions/scalameta.metals-1.49.0-universal/node_modules/vscode-languageclient/lib/common/utils/async.js:193:25)
	at Object.map (/home/roos/.vscode-oss/extensions/scalameta.metals-1.49.0-universal/node_modules/vscode-languageclient/lib/common/utils/async.js:202:17)
	at Object.asDiagnostics (/home/roos/.vscode-oss/extensions/scalameta.metals-1.49.0-universal/node_modules/vscode-languageclient/lib/common/protocolConverter.js:60:22)
	at LanguageClient.workDiagnosticQueue (/home/roos/.vscode-oss/extensions/scalameta.metals-1.49.0-universal/node_modules/vscode-languageclient/lib/common/client.js:1101:19)
	at Immediate.<anonymous> (/home/roos/.vscode-oss/extensions/scalameta.metals-1.49.0-universal/node_modules/vscode-languageclient/lib/common/client.js:1086:85)
	at process.processImmediate (node:internal/timers:483:21)
2025-05-10 15:30:38.955 [error] Error: Illegal value for `line`
	at bU.u (file:///usr/lib/code/out/vs/workbench/api/node/extensionHostProcess.js:118:1045)
	at Object.lineAt (file:///usr/lib/code/out/vs/workbench/api/node/extensionHostProcess.js:118:72)
	at y.processRecord (/home/roos/.vscode-oss/extensions/auiworks.amvim-1.37.0-universal/dist/extension.js:1:59162)
	at y.endRecord (/home/roos/.vscode-oss/extensions/auiworks.amvim-1.37.0-universal/dist/extension.js:1:60383)
	at y.onDidChangeTextEditorSelection (/home/roos/.vscode-oss/extensions/auiworks.amvim-1.37.0-universal/dist/extension.js:1:60981)
	at Timeout._onTimeout (/home/roos/.vscode-oss/extensions/auiworks.amvim-1.37.0-universal/dist/extension.js:1:47502)
2025-05-14 13:59:15.741 [info] Extension host terminating: renderer closed the MessagePort
2025-05-14 13:59:15.746 [error] An error occurred when disposing the subscriptions for extension 'dtoplak.vscode-glsllint':
2025-05-14 13:59:15.749 [error] TypeError: Cannot read properties of undefined (reading 'dispose')
	at t.GLSLLintingProvider.dispose (/home/roos/.vscode-oss/extensions/dtoplak.vscode-glsllint-1.9.0-universal/dist/extension.js:2:222658)
	at pi (file:///usr/lib/code/out/vs/workbench/api/node/extensionHostProcess.js:25:701)
	at file:///usr/lib/code/out/vs/workbench/api/node/extensionHostProcess.js:115:14994
	at file:///usr/lib/code/out/vs/workbench/api/node/extensionHostProcess.js:25:1011
	at Object.dispose (file:///usr/lib/code/out/vs/workbench/api/node/extensionHostProcess.js:8:705)
	at vV.eb (file:///usr/lib/code/out/vs/workbench/api/node/extensionHostProcess.js:115:11921)
	at file:///usr/lib/code/out/vs/workbench/api/node/extensionHostProcess.js:115:9876
	at Array.map (<anonymous>)
	at vV.$ (file:///usr/lib/code/out/vs/workbench/api/node/extensionHostProcess.js:115:9864)
	at vV.terminate (file:///usr/lib/code/out/vs/workbench/api/node/extensionHostProcess.js:115:10107)
	at oD.terminate (file:///usr/lib/code/out/vs/workbench/api/node/extensionHostProcess.js:116:1434)
	at es (file:///usr/lib/code/out/vs/workbench/api/node/extensionHostProcess.js:197:5701)
	at MessagePortMain.<anonymous> (file:///usr/lib/code/out/vs/workbench/api/node/extensionHostProcess.js:197:2249)
	at MessagePortMain.emit (node:events:524:28)
	at MessagePortMain._internalPort.emit (node:electron/js2c/utility_init:2:2949)
2025-05-14 13:59:15.751 [error] Canceled: Canceled
	at new HR (file:///usr/lib/code/out/vs/workbench/api/node/extensionHostProcess.js:29:111362)
	at i4.U (file:///usr/lib/code/out/vs/workbench/api/node/extensionHostProcess.js:29:115973)
	at s.<computed>.n.charCodeAt.s.<computed> (file:///usr/lib/code/out/vs/workbench/api/node/extensionHostProcess.js:29:113467)
	at vw.g (file:///usr/lib/code/out/vs/workbench/api/node/extensionHostProcess.js:111:40983)
	at vw.executeCommand (file:///usr/lib/code/out/vs/workbench/api/node/extensionHostProcess.js:111:40487)
	at r.registerCommand.description (file:///usr/lib/code/out/vs/workbench/api/node/extensionHostProcess.js:111:39817)
	at vw.h (file:///usr/lib/code/out/vs/workbench/api/node/extensionHostProcess.js:111:41503)
	at vw.g (file:///usr/lib/code/out/vs/workbench/api/node/extensionHostProcess.js:111:40580)
	at vw.executeCommand (file:///usr/lib/code/out/vs/workbench/api/node/extensionHostProcess.js:111:40487)
	at Object.executeCommand (file:///usr/lib/code/out/vs/workbench/api/node/extensionHostProcess.js:173:30346)
	at P.clearInputs (/home/roos/.vscode-oss/extensions/auiworks.amvim-1.37.0-universal/dist/extension.js:1:61637)
	at P.exit (/home/roos/.vscode-oss/extensions/auiworks.amvim-1.37.0-universal/dist/extension.js:1:61540)
	at P.exit (/home/roos/.vscode-oss/extensions/auiworks.amvim-1.37.0-universal/dist/extension.js:1:69298)
	at P.dispose (/home/roos/.vscode-oss/extensions/auiworks.amvim-1.37.0-universal/dist/extension.js:1:61590)
	at /home/roos/.vscode-oss/extensions/auiworks.amvim-1.37.0-universal/dist/extension.js:1:48273
	at Array.forEach (<anonymous>)
	at t.Dispatcher.dispose (/home/roos/.vscode-oss/extensions/auiworks.amvim-1.37.0-universal/dist/extension.js:1:48246)
	at pi (file:///usr/lib/code/out/vs/workbench/api/node/extensionHostProcess.js:25:701)
	at file:///usr/lib/code/out/vs/workbench/api/node/extensionHostProcess.js:115:14994
	at file:///usr/lib/code/out/vs/workbench/api/node/extensionHostProcess.js:25:1011
	at Object.dispose (file:///usr/lib/code/out/vs/workbench/api/node/extensionHostProcess.js:8:705)
	at vV.eb (file:///usr/lib/code/out/vs/workbench/api/node/extensionHostProcess.js:115:11921)
	at file:///usr/lib/code/out/vs/workbench/api/node/extensionHostProcess.js:115:9876
	at Array.map (<anonymous>)
	at vV.$ (file:///usr/lib/code/out/vs/workbench/api/node/extensionHostProcess.js:115:9864)
	at vV.terminate (file:///usr/lib/code/out/vs/workbench/api/node/extensionHostProcess.js:115:10107)
	at oD.terminate (file:///usr/lib/code/out/vs/workbench/api/node/extensionHostProcess.js:116:1434)
	at es (file:///usr/lib/code/out/vs/workbench/api/node/extensionHostProcess.js:197:5701)
	at MessagePortMain.<anonymous> (file:///usr/lib/code/out/vs/workbench/api/node/extensionHostProcess.js:197:2249)
	at MessagePortMain.emit (node:events:524:28)
	at MessagePortMain._internalPort.emit (node:electron/js2c/utility_init:2:2949) setContext undefined
2025-05-14 13:59:15.751 [error] Canceled: Canceled
	at new HR (file:///usr/lib/code/out/vs/workbench/api/node/extensionHostProcess.js:29:111362)
	at i4.U (file:///usr/lib/code/out/vs/workbench/api/node/extensionHostProcess.js:29:115973)
	at s.<computed>.n.charCodeAt.s.<computed> (file:///usr/lib/code/out/vs/workbench/api/node/extensionHostProcess.js:29:113467)
	at vw.g (file:///usr/lib/code/out/vs/workbench/api/node/extensionHostProcess.js:111:40983)
	at vw.executeCommand (file:///usr/lib/code/out/vs/workbench/api/node/extensionHostProcess.js:111:40487)
	at r.registerCommand.description (file:///usr/lib/code/out/vs/workbench/api/node/extensionHostProcess.js:111:39817)
	at vw.h (file:///usr/lib/code/out/vs/workbench/api/node/extensionHostProcess.js:111:41503)
	at vw.g (file:///usr/lib/code/out/vs/workbench/api/node/extensionHostProcess.js:111:40580)
	at vw.executeCommand (file:///usr/lib/code/out/vs/workbench/api/node/extensionHostProcess.js:111:40487)
	at Object.executeCommand (file:///usr/lib/code/out/vs/workbench/api/node/extensionHostProcess.js:173:30346)
	at x.clearInputs (/home/roos/.vscode-oss/extensions/auiworks.amvim-1.37.0-universal/dist/extension.js:1:61637)
	at x.exit (/home/roos/.vscode-oss/extensions/auiworks.amvim-1.37.0-universal/dist/extension.js:1:61540)
	at x.dispose (/home/roos/.vscode-oss/extensions/auiworks.amvim-1.37.0-universal/dist/extension.js:1:61590)
	at /home/roos/.vscode-oss/extensions/auiworks.amvim-1.37.0-universal/dist/extension.js:1:48273
	at Array.forEach (<anonymous>)
	at t.Dispatcher.dispose (/home/roos/.vscode-oss/extensions/auiworks.amvim-1.37.0-universal/dist/extension.js:1:48246)
	at pi (file:///usr/lib/code/out/vs/workbench/api/node/extensionHostProcess.js:25:701)
	at file:///usr/lib/code/out/vs/workbench/api/node/extensionHostProcess.js:115:14994
	at file:///usr/lib/code/out/vs/workbench/api/node/extensionHostProcess.js:25:1011
	at Object.dispose (file:///usr/lib/code/out/vs/workbench/api/node/extensionHostProcess.js:8:705)
	at vV.eb (file:///usr/lib/code/out/vs/workbench/api/node/extensionHostProcess.js:115:11921)
	at file:///usr/lib/code/out/vs/workbench/api/node/extensionHostProcess.js:115:9876
	at Array.map (<anonymous>)
	at vV.$ (file:///usr/lib/code/out/vs/workbench/api/node/extensionHostProcess.js:115:9864)
	at vV.terminate (file:///usr/lib/code/out/vs/workbench/api/node/extensionHostProcess.js:115:10107)
	at oD.terminate (file:///usr/lib/code/out/vs/workbench/api/node/extensionHostProcess.js:116:1434)
	at es (file:///usr/lib/code/out/vs/workbench/api/node/extensionHostProcess.js:197:5701)
	at MessagePortMain.<anonymous> (file:///usr/lib/code/out/vs/workbench/api/node/extensionHostProcess.js:197:2249)
	at MessagePortMain.emit (node:events:524:28)
	at MessagePortMain._internalPort.emit (node:electron/js2c/utility_init:2:2949) setContext undefined
2025-05-14 13:59:15.751 [error] Canceled: Canceled
	at new HR (file:///usr/lib/code/out/vs/workbench/api/node/extensionHostProcess.js:29:111362)
	at i4.U (file:///usr/lib/code/out/vs/workbench/api/node/extensionHostProcess.js:29:115973)
	at s.<computed>.n.charCodeAt.s.<computed> (file:///usr/lib/code/out/vs/workbench/api/node/extensionHostProcess.js:29:113467)
	at vw.g (file:///usr/lib/code/out/vs/workbench/api/node/extensionHostProcess.js:111:40983)
	at vw.executeCommand (file:///usr/lib/code/out/vs/workbench/api/node/extensionHostProcess.js:111:40487)
	at r.registerCommand.description (file:///usr/lib/code/out/vs/workbench/api/node/extensionHostProcess.js:111:39817)
	at vw.h (file:///usr/lib/code/out/vs/workbench/api/node/extensionHostProcess.js:111:41503)
	at vw.g (file:///usr/lib/code/out/vs/workbench/api/node/extensionHostProcess.js:111:40580)
	at vw.executeCommand (file:///usr/lib/code/out/vs/workbench/api/node/extensionHostProcess.js:111:40487)
	at Object.executeCommand (file:///usr/lib/code/out/vs/workbench/api/node/extensionHostProcess.js:173:30346)
	at k.clearInputs (/home/roos/.vscode-oss/extensions/auiworks.amvim-1.37.0-universal/dist/extension.js:1:61637)
	at k.exit (/home/roos/.vscode-oss/extensions/auiworks.amvim-1.37.0-universal/dist/extension.js:1:61540)
	at k.dispose (/home/roos/.vscode-oss/extensions/auiworks.amvim-1.37.0-universal/dist/extension.js:1:61590)
	at /home/roos/.vscode-oss/extensions/auiworks.amvim-1.37.0-universal/dist/extension.js:1:48273
	at Array.forEach (<anonymous>)
	at t.Dispatcher.dispose (/home/roos/.vscode-oss/extensions/auiworks.amvim-1.37.0-universal/dist/extension.js:1:48246)
	at pi (file:///usr/lib/code/out/vs/workbench/api/node/extensionHostProcess.js:25:701)
	at file:///usr/lib/code/out/vs/workbench/api/node/extensionHostProcess.js:115:14994
	at file:///usr/lib/code/out/vs/workbench/api/node/extensionHostProcess.js:25:1011
	at Object.dispose (file:///usr/lib/code/out/vs/workbench/api/node/extensionHostProcess.js:8:705)
	at vV.eb (file:///usr/lib/code/out/vs/workbench/api/node/extensionHostProcess.js:115:11921)
	at file:///usr/lib/code/out/vs/workbench/api/node/extensionHostProcess.js:115:9876
	at Array.map (<anonymous>)
	at vV.$ (file:///usr/lib/code/out/vs/workbench/api/node/extensionHostProcess.js:115:9864)
	at vV.terminate (file:///usr/lib/code/out/vs/workbench/api/node/extensionHostProcess.js:115:10107)
	at oD.terminate (file:///usr/lib/code/out/vs/workbench/api/node/extensionHostProcess.js:116:1434)
	at es (file:///usr/lib/code/out/vs/workbench/api/node/extensionHostProcess.js:197:5701)
	at MessagePortMain.<anonymous> (file:///usr/lib/code/out/vs/workbench/api/node/extensionHostProcess.js:197:2249)
	at MessagePortMain.emit (node:events:524:28)
	at MessagePortMain._internalPort.emit (node:electron/js2c/utility_init:2:2949) setContext undefined
2025-05-14 13:59:15.751 [error] Canceled: Canceled
	at new HR (file:///usr/lib/code/out/vs/workbench/api/node/extensionHostProcess.js:29:111362)
	at i4.U (file:///usr/lib/code/out/vs/workbench/api/node/extensionHostProcess.js:29:115973)
	at s.<computed>.n.charCodeAt.s.<computed> (file:///usr/lib/code/out/vs/workbench/api/node/extensionHostProcess.js:29:113467)
	at vw.g (file:///usr/lib/code/out/vs/workbench/api/node/extensionHostProcess.js:111:40983)
	at vw.executeCommand (file:///usr/lib/code/out/vs/workbench/api/node/extensionHostProcess.js:111:40487)
	at r.registerCommand.description (file:///usr/lib/code/out/vs/workbench/api/node/extensionHostProcess.js:111:39817)
	at vw.h (file:///usr/lib/code/out/vs/workbench/api/node/extensionHostProcess.js:111:41503)
	at vw.g (file:///usr/lib/code/out/vs/workbench/api/node/extensionHostProcess.js:111:40580)
	at vw.executeCommand (file:///usr/lib/code/out/vs/workbench/api/node/extensionHostProcess.js:111:40487)
	at Object.executeCommand (file:///usr/lib/code/out/vs/workbench/api/node/extensionHostProcess.js:173:30346)
	at y.clearInputs (/home/roos/.vscode-oss/extensions/auiworks.amvim-1.37.0-universal/dist/extension.js:1:61637)
	at y.exit (/home/roos/.vscode-oss/extensions/auiworks.amvim-1.37.0-universal/dist/extension.js:1:61540)
	at y.exit (/home/roos/.vscode-oss/extensions/auiworks.amvim-1.37.0-universal/dist/extension.js:1:58321)
	at y.dispose (/home/roos/.vscode-oss/extensions/auiworks.amvim-1.37.0-universal/dist/extension.js:1:61590)
	at /home/roos/.vscode-oss/extensions/auiworks.amvim-1.37.0-universal/dist/extension.js:1:48273
	at Array.forEach (<anonymous>)
	at t.Dispatcher.dispose (/home/roos/.vscode-oss/extensions/auiworks.amvim-1.37.0-universal/dist/extension.js:1:48246)
	at pi (file:///usr/lib/code/out/vs/workbench/api/node/extensionHostProcess.js:25:701)
	at file:///usr/lib/code/out/vs/workbench/api/node/extensionHostProcess.js:115:14994
	at file:///usr/lib/code/out/vs/workbench/api/node/extensionHostProcess.js:25:1011
	at Object.dispose (file:///usr/lib/code/out/vs/workbench/api/node/extensionHostProcess.js:8:705)
	at vV.eb (file:///usr/lib/code/out/vs/workbench/api/node/extensionHostProcess.js:115:11921)
	at file:///usr/lib/code/out/vs/workbench/api/node/extensionHostProcess.js:115:9876
	at Array.map (<anonymous>)
	at vV.$ (file:///usr/lib/code/out/vs/workbench/api/node/extensionHostProcess.js:115:9864)
	at vV.terminate (file:///usr/lib/code/out/vs/workbench/api/node/extensionHostProcess.js:115:10107)
	at oD.terminate (file:///usr/lib/code/out/vs/workbench/api/node/extensionHostProcess.js:116:1434)
	at es (file:///usr/lib/code/out/vs/workbench/api/node/extensionHostProcess.js:197:5701)
	at MessagePortMain.<anonymous> (file:///usr/lib/code/out/vs/workbench/api/node/extensionHostProcess.js:197:2249)
	at MessagePortMain.emit (node:events:524:28)
	at MessagePortMain._internalPort.emit (node:electron/js2c/utility_init:2:2949) setContext undefined
2025-05-14 13:59:15.751 [error] Canceled: Canceled
	at new HR (file:///usr/lib/code/out/vs/workbench/api/node/extensionHostProcess.js:29:111362)
	at i4.U (file:///usr/lib/code/out/vs/workbench/api/node/extensionHostProcess.js:29:115973)
	at s.<computed>.n.charCodeAt.s.<computed> (file:///usr/lib/code/out/vs/workbench/api/node/extensionHostProcess.js:29:113467)
	at vw.g (file:///usr/lib/code/out/vs/workbench/api/node/extensionHostProcess.js:111:40983)
	at vw.executeCommand (file:///usr/lib/code/out/vs/workbench/api/node/extensionHostProcess.js:111:40487)
	at r.registerCommand.description (file:///usr/lib/code/out/vs/workbench/api/node/extensionHostProcess.js:111:39817)
	at vw.h (file:///usr/lib/code/out/vs/workbench/api/node/extensionHostProcess.js:111:41503)
	at vw.g (file:///usr/lib/code/out/vs/workbench/api/node/extensionHostProcess.js:111:40580)
	at vw.executeCommand (file:///usr/lib/code/out/vs/workbench/api/node/extensionHostProcess.js:111:40487)
	at Object.executeCommand (file:///usr/lib/code/out/vs/workbench/api/node/extensionHostProcess.js:173:30346)
	at r.clearInputs (/home/roos/.vscode-oss/extensions/auiworks.amvim-1.37.0-universal/dist/extension.js:1:61637)
	at r.exit (/home/roos/.vscode-oss/extensions/auiworks.amvim-1.37.0-universal/dist/extension.js:1:61540)
	at r.exit (/home/roos/.vscode-oss/extensions/auiworks.amvim-1.37.0-universal/dist/extension.js:1:58321)
	at r.dispose (/home/roos/.vscode-oss/extensions/auiworks.amvim-1.37.0-universal/dist/extension.js:1:61590)
	at /home/roos/.vscode-oss/extensions/auiworks.amvim-1.37.0-universal/dist/extension.js:1:48273
	at Array.forEach (<anonymous>)
	at t.Dispatcher.dispose (/home/roos/.vscode-oss/extensions/auiworks.amvim-1.37.0-universal/dist/extension.js:1:48246)
	at pi (file:///usr/lib/code/out/vs/workbench/api/node/extensionHostProcess.js:25:701)
	at file:///usr/lib/code/out/vs/workbench/api/node/extensionHostProcess.js:115:14994
	at file:///usr/lib/code/out/vs/workbench/api/node/extensionHostProcess.js:25:1011
	at Object.dispose (file:///usr/lib/code/out/vs/workbench/api/node/extensionHostProcess.js:8:705)
	at vV.eb (file:///usr/lib/code/out/vs/workbench/api/node/extensionHostProcess.js:115:11921)
	at file:///usr/lib/code/out/vs/workbench/api/node/extensionHostProcess.js:115:9876
	at Array.map (<anonymous>)
	at vV.$ (file:///usr/lib/code/out/vs/workbench/api/node/extensionHostProcess.js:115:9864)
	at vV.terminate (file:///usr/lib/code/out/vs/workbench/api/node/extensionHostProcess.js:115:10107)
	at oD.terminate (file:///usr/lib/code/out/vs/workbench/api/node/extensionHostProcess.js:116:1434)
	at es (file:///usr/lib/code/out/vs/workbench/api/node/extensionHostProcess.js:197:5701)
	at MessagePortMain.<anonymous> (file:///usr/lib/code/out/vs/workbench/api/node/extensionHostProcess.js:197:2249)
	at MessagePortMain.emit (node:events:524:28)
	at MessagePortMain._internalPort.emit (node:electron/js2c/utility_init:2:2949) setContext undefined
2025-05-14 13:59:15.752 [warning] ExtHostTextEditorOptions 'setCursorStyle' failed:'
2025-05-14 13:59:15.753 [warning] Canceled
2025-05-14 13:59:15.772 [error] Error: Channel has been closed
	at s (file:///usr/lib/code/out/vs/workbench/api/node/extensionHostProcess.js:117:2431)
	at Object.appendLine (file:///usr/lib/code/out/vs/workbench/api/node/extensionHostProcess.js:117:2570)
	at R.logOutputMessage (/usr/lib/code/extensions/json-language-features/client/dist/node/jsonClientMain.js:2:290791)
	at R.info (/usr/lib/code/extensions/json-language-features/client/dist/node/jsonClientMain.js:2:290524)
	at ChildProcess.<anonymous> (/usr/lib/code/extensions/json-language-features/client/dist/node/jsonClientMain.js:2:514797)
	at ChildProcess.emit (node:events:524:28)
	at ChildProcess._handle.onexit (node:internal/child_process:293:12)
2025-05-14 13:59:15.778 [info] Extension host with pid 13835 exiting with code 0
