[2025-Jan-07 00:24:30.667 +01:00][44166:44166][info ] Logging initialized
[2025-Jan-07 00:24:55.414 +01:00][44764:44764][info ] Logging initialized
[2025-Jan-07 00:24:56.806 +01:00][44764:44764][info ] Logging initialized
[2025-Jan-12 22:25:23.781 +01:00][25096:25096][info ] Logging initialized
[2025-Jan-15 20:41:10.122 +01:00][82904:82904][info ] Logging initialized
[2025-Jan-23 17:49:50.892 +01:00][12019:12019][info ] Logging initialized
[2025-Jan-24 21:28:56.750 +01:00][23436:23436][info ] Logging initialized
[2025-Jan-25 15:50:36.106 +01:00][ 4230: 4230][info ] Logging initialized
[2025-Jan-26 00:46:30.319 +01:00][ 4519: 4519][info ] Logging initialized
[2025-Jan-26 16:29:10.528 +01:00][14986:14986][info ] Logging initialized
[2025-Feb-03 21:29:42.623 +01:00][44948:44948][info ] Logging initialized
[2025-Feb-10 17:41:33.227 +01:00][ 4743: 4743][info ] Logging initialized
[2025-Feb-10 19:24:12.362 +01:00][39433:39433][info ] Logging initialized
[2025-Feb-12 00:19:21.486 +01:00][190562:190562][info ] Logging initialized
[2025-Feb-12 09:59:43.559 +01:00][ 2063: 2063][info ] Logging initialized
[2025-Feb-12 13:09:14.405 +01:00][ 2609: 2609][info ] Logging initialized
[2025-Feb-12 20:12:21.502 +01:00][ 2242: 2242][info ] Logging initialized
[2025-Feb-17 17:57:18.947 +01:00][20448:20448][info ] Logging initialized
[2025-Feb-19 14:52:02.141 +01:00][23689:23689][info ] Logging initialized
[2025-Feb-19 17:39:21.416 +01:00][11946:11946][info ] Logging initialized
[2025-Feb-26 14:42:13.217 +01:00][29757:29757][info ] Logging initialized
[2025-Mar-02 15:28:15.639 +01:00][ 9434: 9434][info ] Logging initialized
[2025-Mar-03 17:46:43.972 +01:00][33112:33112][info ] Logging initialized
[2025-Mar-19 16:03:35.779 +01:00][200911:200911][info ] Logging initialized
[2025-Mar-28 10:30:41.355 +01:00][198334:198334][info ] Logging initialized
[2025-Apr-04 12:05:04.110 +02:00][81511:81511][info ] Logging initialized
[2025-Apr-07 19:44:11.587 +02:00][114863:114863][info ] Logging initialized
[2025-May-15 10:00:19.560 +02:00][234332:234332][info ] Logging initialized
