2025-05-10 15:00:41.453 [info] Started local extension host with pid 13835.
2025-05-10 15:00:41.558 [warning] [kylin-debug]: Couldn't find message for key gdb.launch.ssh.
2025-05-10 15:00:41.628 [error] Extension 'ms-toolsai.jupyter CANNOT USE these API proposals 'notebookDeprecated, notebookMessaging, notebookMime, contribNotebookStaticPreloads, portsAttributes, quickPickSortByLabel, notebookKernelSource, interactiveWindow, quickPickItemTooltip, notebookExecution, notebookCellExecution, notebookVariableProvider, notebookReplDocument'. You MUST start in extension development mode or use the --enable-proposed-api command line flag
2025-05-10 15:00:41.629 [error] Extension 'ms-toolsai.jupyter-renderers CANNOT USE these API proposals 'contribNotebookStaticPreloads'. You MUST start in extension development mode or use the --enable-proposed-api command line flag
2025-05-10 15:00:41.642 [info] [llvm-vs-code-extensions.vscode-clangd]: Command `clangd.switchheadersource` already registered by Kylin Clangd (KylinIdeTeam.kylin-clangd)
2025-05-10 15:00:41.642 [info] [llvm-vs-code-extensions.vscode-clangd]: Command `clangd.install` already registered by Kylin Clangd (KylinIdeTeam.kylin-clangd)
2025-05-10 15:00:41.642 [info] [llvm-vs-code-extensions.vscode-clangd]: Command `clangd.update` already registered by Kylin Clangd (KylinIdeTeam.kylin-clangd)
2025-05-10 15:00:41.642 [info] [llvm-vs-code-extensions.vscode-clangd]: Command `clangd.activate` already registered by Kylin Clangd (KylinIdeTeam.kylin-clangd)
2025-05-10 15:00:41.642 [info] [llvm-vs-code-extensions.vscode-clangd]: Command `clangd.restart` already registered by Kylin Clangd (KylinIdeTeam.kylin-clangd)
2025-05-10 15:00:41.643 [info] [llvm-vs-code-extensions.vscode-clangd]: Command `clangd.typeHierarchy` already registered by Kylin Clangd (KylinIdeTeam.kylin-clangd)
2025-05-10 15:00:41.643 [info] [llvm-vs-code-extensions.vscode-clangd]: Command `clangd.typeHierarchy.viewParents` already registered by Kylin Clangd (KylinIdeTeam.kylin-clangd)
2025-05-10 15:00:41.643 [info] [llvm-vs-code-extensions.vscode-clangd]: Command `clangd.typeHierarchy.viewChildren` already registered by Kylin Clangd (KylinIdeTeam.kylin-clangd)
2025-05-10 15:00:41.643 [info] [llvm-vs-code-extensions.vscode-clangd]: Command `clangd.typeHierarchy.close` already registered by Kylin Clangd (KylinIdeTeam.kylin-clangd)
2025-05-10 15:00:41.643 [info] [llvm-vs-code-extensions.vscode-clangd]: Command `clangd.memoryUsage` already registered by Kylin Clangd (KylinIdeTeam.kylin-clangd)
2025-05-10 15:00:41.643 [info] [llvm-vs-code-extensions.vscode-clangd]: Command `clangd.memoryUsage.close` already registered by Kylin Clangd (KylinIdeTeam.kylin-clangd)
2025-05-10 15:00:41.644 [info] [llvm-vs-code-extensions.vscode-clangd]: Command `clangd.ast` already registered by Kylin Clangd (KylinIdeTeam.kylin-clangd)
2025-05-10 15:00:41.644 [info] [llvm-vs-code-extensions.vscode-clangd]: Command `clangd.ast.close` already registered by Kylin Clangd (KylinIdeTeam.kylin-clangd)
2025-05-10 15:00:41.644 [info] [llvm-vs-code-extensions.vscode-clangd]: Command `clangd.projectConfig` already registered by Kylin Clangd (KylinIdeTeam.kylin-clangd)
2025-05-10 15:00:41.644 [info] [llvm-vs-code-extensions.vscode-clangd]: Command `clangd.userConfig` already registered by Kylin Clangd (KylinIdeTeam.kylin-clangd)
2025-05-10 15:00:41.644 [info] [llvm-vs-code-extensions.vscode-clangd]: Command `clangd.inlayHints.toggle` already registered by Kylin Clangd (KylinIdeTeam.kylin-clangd)
2025-05-10 15:00:41.653 [warning] [llvm-vs-code-extensions.vscode-clangd]: Cannot register 'clangd.path'. This property is already registered.
2025-05-10 15:00:41.653 [warning] [llvm-vs-code-extensions.vscode-clangd]: Cannot register 'clangd.arguments'. This property is already registered.
2025-05-10 15:00:41.653 [warning] [llvm-vs-code-extensions.vscode-clangd]: Cannot register 'clangd.trace'. This property is already registered.
2025-05-10 15:00:41.653 [warning] [llvm-vs-code-extensions.vscode-clangd]: Cannot register 'clangd.semanticHighlighting'. This property is already registered.
2025-05-10 15:00:41.653 [warning] [llvm-vs-code-extensions.vscode-clangd]: Cannot register 'clangd.fallbackFlags'. This property is already registered.
2025-05-10 15:00:41.654 [warning] [llvm-vs-code-extensions.vscode-clangd]: Cannot register 'clangd.serverCompletionRanking'. This property is already registered.
2025-05-10 15:00:41.654 [warning] [llvm-vs-code-extensions.vscode-clangd]: Cannot register 'clangd.restartAfterCrash'. This property is already registered.
2025-05-10 15:00:41.654 [warning] [llvm-vs-code-extensions.vscode-clangd]: Cannot register 'clangd.checkUpdates'. This property is already registered.
2025-05-10 15:00:41.654 [warning] [llvm-vs-code-extensions.vscode-clangd]: Cannot register 'clangd.onConfigChanged'. This property is already registered.
2025-05-10 15:00:41.654 [warning] [llvm-vs-code-extensions.vscode-clangd]: Cannot register 'clangd.detectExtensionConflicts'. This property is already registered.
2025-05-10 15:00:41.654 [warning] [llvm-vs-code-extensions.vscode-clangd]: Cannot register 'clangd.inactiveRegions.useBackgroundHighlight'. This property is already registered.
2025-05-10 15:00:41.654 [warning] [llvm-vs-code-extensions.vscode-clangd]: Cannot register 'clangd.inactiveRegions.opacity'. This property is already registered.
2025-05-10 15:00:41.655 [warning] [llvm-vs-code-extensions.vscode-clangd]: Cannot register 'clangd.enableCodeCompletion'. This property is already registered.
2025-05-10 15:00:41.655 [warning] [llvm-vs-code-extensions.vscode-clangd]: Cannot register 'clangd.enableHover'. This property is already registered.
2025-05-10 15:00:41.655 [warning] [llvm-vs-code-extensions.vscode-clangd]: Cannot register 'clangd.enable'. This property is already registered.
2025-05-10 15:00:41.656 [warning] [redhat.vscode-yaml]: Cannot register 'redhat.telemetry.enabled'. This property is already registered.
2025-05-10 15:00:41.676 [error] [llvm-vs-code-extensions.vscode-clangd]: Cannot register multiple views with same id `clangd.typeHierarchyView`
2025-05-10 15:00:41.676 [error] [llvm-vs-code-extensions.vscode-clangd]: Cannot register multiple views with same id `clangd.memoryUsage`
2025-05-10 15:00:41.677 [error] [llvm-vs-code-extensions.vscode-clangd]: Cannot register multiple views with same id `clangd.ast`
2025-05-10 15:00:42.138 [error] Unable to write to Workspace Settings because no workspace is opened. Please open a workspace first and try again.
2025-05-10 15:00:44.478 [info] [perf] Render performance baseline is 126ms
2025-05-10 15:00:46.732 [info] Auto updating outdated extensions. kylinideteam.cppdebug, kylinideteam.kylin-cmake-tools, redhat.vscode-yaml
2025-05-10 15:00:47.733 [info] Auto updating extension kylinideteam.cppdebug
2025-05-10 15:00:47.733 [info] Auto updating extension kylinideteam.kylin-cmake-tools
2025-05-10 15:00:47.733 [info] Auto updating extension redhat.vscode-yaml
2025-05-10 15:04:39.433 [error] An unknown error occurred. Please consult the log for more details.
2025-05-10 15:11:59.259 [info] [lifecycle]: Shutdown was prevented by final veto (id: veto.backups)
2025-05-10 15:18:02.041 [error] An unknown error occurred. Please consult the log for more details.
2025-05-10 15:20:22.908 [error] An unknown error occurred. Please consult the log for more details.
2025-05-10 15:20:25.883 [error] An unknown error occurred. Please consult the log for more details.
2025-05-10 15:20:26.948 [error] An unknown error occurred. Please consult the log for more details.
2025-05-10 15:20:29.763 [error] An unknown error occurred. Please consult the log for more details.
2025-05-10 15:20:30.789 [error] An unknown error occurred. Please consult the log for more details.
2025-05-10 15:20:32.088 [error] An unknown error occurred. Please consult the log for more details.
2025-05-10 15:20:34.930 [error] An unknown error occurred. Please consult the log for more details.
2025-05-10 15:28:17.009 [warning] [File Watcher (node.js)] Watcher shutdown because watched path got deleted
2025-05-10 15:30:38.957 [error] An unknown error occurred. Please consult the log for more details.
