2024-12-29 02:01:18.061 [trace] [File Watcher (node.js)] Request to start watching: /home/roos/.config/VSCodium/User (excludes: <none>, includes: <all>, filter: <none>, correlationId: <none>),/home/roos/.config/VSCodium/User/settings.json (excludes: <none>, includes: <all>, filter: <none>, correlationId: <none>)
2024-12-29 02:01:18.061 [debug] Starting VSCodium
2024-12-29 02:01:18.061 [debug] from: /usr/share/vscodium/resources/app
2024-12-29 02:01:18.061 [debug] args: {"_":[],"diff":false,"merge":false,"add":false,"goto":false,"new-window":false,"reuse-window":false,"wait":false,"help":false,"list-extensions":false,"show-versions":false,"pre-release":false,"update-extensions":false,"version":false,"verbose":true,"status":false,"prof-startup":false,"no-cached-data":false,"prof-v8-extensions":false,"disable-extensions":false,"disable-lcd-text":false,"disable-gpu":false,"disable-chromium-sandbox":false,"sandbox":false,"telemetry":false,"debugRenderer":false,"enable-smoke-test-driver":false,"logExtensionHostCommunication":false,"skip-release-notes":false,"skip-welcome":false,"disable-telemetry":false,"disable-updates":false,"use-inmemory-secretstorage":false,"disable-workspace-trust":false,"disable-crash-reporter":false,"skip-add-to-recently-opened":false,"open-url":false,"file-write":false,"file-chmod":false,"force":false,"do-not-sync":false,"trace":false,"preserve-env":false,"force-user-env":false,"force-disable-user-env":false,"open-devtools":false,"disable-gpu-sandbox":false,"__enable-file-policy":false,"enable-coi":false,"no-proxy-server":false,"no-sandbox":false,"nolazy":false,"force-renderer-accessibility":false,"ignore-certificate-errors":false,"allow-insecure-localhost":false,"disable-dev-shm-usage":false,"profile-temp":false,"logsPath":"/home/roos/.config/VSCodium/logs/20241229T020117"}
2024-12-29 02:01:18.061 [trace] Resolving machine identifier...
2024-12-29 02:01:18.061 [trace] Resolved machine identifier: 50c8838b8ff5c0f53653b6acfd4ae46eaa8f5f93771c40ba0cca27a55d183ff0
2024-12-29 02:01:18.061 [trace] Main->SharedProcess#connect
2024-12-29 02:01:18.061 [trace] [File Watcher (node.js)] Started watching: '/home/roos/.config/VSCodium/User'
2024-12-29 02:01:18.061 [trace] [File Watcher (node.js)] ignoring a path for watching who's stat info failed to resolve: /home/roos/.config/VSCodium/User/settings.json (error: Error: ENOENT: no such file or directory, stat '/home/roos/.config/VSCodium/User/settings.json')
2024-12-29 02:01:18.061 [trace] [File Watcher (node.js)] starting fs.watchFile() on /home/roos/.config/VSCodium/User/settings.json (correlationId: undefined)
2024-12-29 02:01:18.061 [trace] StorageMainService: creating application storage
2024-12-29 02:01:18.061 [trace] ElectronURLListener: waiting for window to be ready to handle URLs...
2024-12-29 02:01:18.061 [trace] lifecycle (main): phase changed (value: 2)
2024-12-29 02:01:18.061 [trace] windowsManager#open
2024-12-29 02:01:18.061 [trace] windowsManager#open pathsToOpen [{}]
2024-12-29 02:01:18.061 [trace] windowsManager#doOpenEmpty {"restore":false,"forceNewWindow":false}
2024-12-29 02:01:18.061 [trace] IPC Object URL: Registered new channel vscode:b845c557-0428-47a7-8e06-7603e5777dcc.
2024-12-29 02:01:18.061 [trace] window#validateWindowState: validating window state on 1 display(s) {"width":1024,"height":768,"mode":1,"x":448,"y":216,"hasDefaultState":true}
2024-12-29 02:01:18.061 [trace] window#validateWindowState: single monitor working area {"x":0,"y":0,"width":1920,"height":1200}
2024-12-29 02:01:18.061 [trace] window#ctor: using window state {"width":1024,"height":768,"mode":1,"x":448,"y":216,"hasDefaultState":true}
2024-12-29 02:01:18.061 [trace] window#load: attempt to load window (id: 1)
2024-12-29 02:01:18.061 [trace] windowsManager#open used window count 1 (workspacesToOpen: 0, foldersToOpen: 0, emptyToRestore: 0, openOneEmptyWindow: true)
2024-12-29 02:01:18.061 [trace] lifecycle (main): phase changed (value: 3)
2024-12-29 02:01:18.061 [trace] resolveShellEnv(): skipped (VSCODE_CLI is set)
2024-12-29 02:01:18.061 [info] update#setState disabled
2024-12-29 02:01:18.061 [info] update#ctor - updates are disabled as there is no update URL
2024-12-29 02:01:18.143 [trace] resolveShellEnv(): skipped (VSCODE_CLI is set)
2024-12-29 02:01:18.391 [trace] StorageMainService: creating workspace storage (1735434078609)
2024-12-29 02:01:18.547 [trace] window#load: window reported ready (id: 1)
2024-12-29 02:01:18.547 [trace] ElectronURLListener#flush(): flushing URLs
2024-12-29 02:01:18.551 [trace] [SharedProcess] onWindowConnection for: vscode:createSharedProcessChannelConnectionResult
2024-12-29 02:01:18.552 [trace] [UtilityProcess type: shared-process, pid: <none>]: creating new...
2024-12-29 02:01:18.558 [trace] [UtilityProcess type: shared-process, pid: <none>]: payload sent via postMessage()
2024-12-29 02:01:18.560 [trace] [UtilityProcessWorker]: createWorker(window: 1, moduleId: vs/platform/files/node/watcher/watcherMain)
2024-12-29 02:01:18.561 [trace] [UtilityProcess id: 1, type: fileWatcher, pid: <none>]: creating new...
2024-12-29 02:01:18.569 [trace] [UtilityProcess type: shared-process, pid: 24916]: successfully created
2024-12-29 02:01:18.570 [trace] [UtilityProcess id: 1, type: fileWatcher, pid: 24917]: successfully created
2024-12-29 02:01:18.576 [trace] menubarService#updateMenubar 1
2024-12-29 02:01:18.605 [trace] [UtilityProcess id: 1, type: extensionHost, pid: <none>]: creating new...
2024-12-29 02:01:18.614 [trace] [UtilityProcess id: 1, type: extensionHost, pid: 24931]: successfully created
2024-12-29 02:01:18.664 [trace] resolveShellEnv(): skipped (VSCODE_CLI is set)
2024-12-29 02:01:18.711 [debug] Terminal profile not validated pwsh ["pwsh"]
2024-12-29 02:01:18.712 [debug] Terminal profile not validated tmux ["tmux"]
2024-12-29 02:01:18.747 [trace] [File Watcher (node.js)] Request to stop watching: /home/roos/.config/VSCodium/User/settings.json (excludes: <none>, includes: <all>, filter: <none>, correlationId: <none>)
2024-12-29 02:01:18.747 [trace] [File Watcher (node.js)] stopping file watcher (/home/roos/.config/VSCodium/User/settings.json (excludes: <none>, includes: <all>, filter: <none>, correlationId: <none>))
2024-12-29 02:01:18.812 [trace] [SharedProcess] IPC ready
2024-12-29 02:01:18.812 [trace] Main->SharedProcess#connect: connection established
2024-12-29 02:01:18.823 [trace] [File Watcher (node.js)] Request to start watching: /home/roos/.config/VSCodium/User (excludes: <none>, includes: <all>, filter: <none>, correlationId: <none>),/home/roos/.config/VSCodium/User/settings.json (excludes: <none>, includes: <all>, filter: <none>, correlationId: <none>)
2024-12-29 02:01:18.823 [trace] [File Watcher (node.js)] Started watching: '/home/roos/.config/VSCodium/User'
2024-12-29 02:01:18.824 [trace] [File Watcher (node.js)] ignoring a path for watching who's stat info failed to resolve: /home/roos/.config/VSCodium/User/settings.json (error: Error: ENOENT: no such file or directory, stat '/home/roos/.config/VSCodium/User/settings.json')
2024-12-29 02:01:18.824 [trace] [File Watcher (node.js)] starting fs.watchFile() on /home/roos/.config/VSCodium/User/settings.json (correlationId: undefined)
2024-12-29 02:01:18.832 [trace] [SharedProcess] Overall ready
2024-12-29 02:01:18.845 [trace] [File Watcher (node.js)] Request to start watching: /home/roos/.vscode-oss/extensions (excludes: <none>, includes: <all>, filter: <none>, correlationId: <none>),/home/roos/.vscode-oss/extensions/extensions.json (excludes: <none>, includes: <all>, filter: <none>, correlationId: <none>)
2024-12-29 02:01:18.845 [trace] [File Watcher (node.js)] Request to stop watching: /home/roos/.config/VSCodium/User/settings.json (excludes: <none>, includes: <all>, filter: <none>, correlationId: <none>)
2024-12-29 02:01:18.845 [trace] [File Watcher (node.js)] stopping file watcher (/home/roos/.config/VSCodium/User/settings.json (excludes: <none>, includes: <all>, filter: <none>, correlationId: <none>))
2024-12-29 02:01:18.846 [trace] [File Watcher (node.js)] Started watching: '/home/roos/.vscode-oss/extensions'
2024-12-29 02:01:18.847 [trace] [File Watcher (node.js)] Started watching: '/home/roos/.vscode-oss/extensions/extensions.json'
2024-12-29 02:01:19.301 [trace] [File Watcher (node.js)] [raw] ["rename"] snippets
2024-12-29 02:01:19.302 [trace] [File Watcher (node.js)] [raw] ["rename"] snippets
2024-12-29 02:01:19.403 [trace] [File Watcher (node.js)] [ADDED] /home/roos/.config/VSCodium/User/snippets
2024-12-29 02:01:19.403 [trace] [File Watcher (node.js)] [ADDED] /home/roos/.config/VSCodium/User/snippets
2024-12-29 02:01:19.480 [trace] [File Watcher (node.js)]  >> normalized [ADDED] /home/roos/.config/VSCodium/User/snippets
2024-12-29 02:01:19.481 [debug] User data changed
2024-12-29 02:01:19.481 [trace] [File Watcher (node.js)]  >> normalized [ADDED] /home/roos/.config/VSCodium/User/snippets
2024-12-29 02:01:19.507 [trace] menubarService#updateMenubar 1
