2024-12-29 02:43:37.858 [trace] workbench#open(): with configuration {"_":["/home/roos/tmp"],"diff":false,"merge":false,"add":false,"goto":false,"new-window":true,"reuse-window":false,"wait":false,"help":false,"list-extensions":false,"show-versions":false,"pre-release":false,"update-extensions":false,"version":false,"verbose":true,"log":["debug"],"status":false,"prof-startup":false,"no-cached-data":false,"prof-v8-extensions":false,"disable-extensions":true,"disable-lcd-text":false,"disable-gpu":false,"disable-chromium-sandbox":false,"sandbox":false,"telemetry":false,"debugRenderer":false,"enable-smoke-test-driver":false,"logExtensionHostCommunication":false,"skip-release-notes":false,"skip-welcome":false,"disable-telemetry":false,"disable-updates":false,"use-inmemory-secretstorage":false,"disable-workspace-trust":false,"disable-crash-reporter":false,"skip-add-to-recently-opened":false,"open-url":false,"file-write":false,"file-chmod":false,"force":false,"do-not-sync":false,"trace":false,"preserve-env":false,"force-user-env":false,"force-disable-user-env":false,"open-devtools":false,"disable-gpu-sandbox":false,"__enable-file-policy":false,"enable-coi":false,"no-proxy-server":false,"no-sandbox":false,"nolazy":false,"force-renderer-accessibility":false,"ignore-certificate-errors":false,"allow-insecure-localhost":false,"disable-dev-shm-usage":false,"profile-temp":false,"logsPath":"/home/roos/.config/Code - OSS/logs/20241229T024336","machineId":"50c8838b8ff5c0f53653b6acfd4ae46eaa8f5f93771c40ba0cca27a55d183ff0","sqmId":"","devDeviceId":"a0eeaa4f-a0d0-481c-9290-828190c47af0","windowId":1,"mainPid":4327,"appRoot":"/usr/lib/code","execPath":"/usr/lib/electron32/electron","codeCachePath":"/home/roos/.config/Code - OSS/CachedData/138f619c86f1199955d53b4166bef66ef252935c","backupPath":"/home/roos/.config/Code - OSS/Backups/1735436617724","profiles":{"home":{"scheme":"vscode-userdata","authority":"","path":"/home/roos/.config/Code - OSS/User/profiles","query":"","fragment":"","_formatted":null,"_fsPath":null},"all":[{"id":"__default__profile__","name":"Default","location":{"scheme":"vscode-userdata","authority":"","path":"/home/roos/.config/Code - OSS/User","query":"","fragment":"","_formatted":null,"_fsPath":null},"isDefault":true,"globalStorageHome":{"scheme":"vscode-userdata","authority":"","path":"/home/roos/.config/Code - OSS/User/globalStorage","query":"","fragment":"","_formatted":null,"_fsPath":null},"settingsResource":{"scheme":"vscode-userdata","authority":"","path":"/home/roos/.config/Code - OSS/User/settings.json","query":"","fragment":"","_formatted":null,"_fsPath":null},"keybindingsResource":{"scheme":"vscode-userdata","authority":"","path":"/home/roos/.config/Code - OSS/User/keybindings.json","query":"","fragment":"","_formatted":null,"_fsPath":null},"tasksResource":{"scheme":"vscode-userdata","authority":"","path":"/home/roos/.config/Code - OSS/User/tasks.json","query":"","fragment":"","_formatted":null,"_fsPath":null},"snippetsHome":{"scheme":"vscode-userdata","authority":"","path":"/home/roos/.config/Code - OSS/User/snippets","query":"","fragment":"","_formatted":null,"_fsPath":null},"extensionsResource":{"scheme":"vscode-userdata","authority":"","path":"/home/roos/.vscode-oss/extensions/extensions.json","query":"","fragment":"","_formatted":null,"_fsPath":null},"cacheHome":{"scheme":"file","authority":"","path":"/home/roos/.config/Code - OSS/CachedProfilesData/__default__profile__","query":"","fragment":"","_formatted":null,"_fsPath":null}}],"profile":"[Circular]"},"homeDir":"/home/roos","tmpDir":"/tmp","userDataDir":"/home/roos/.config/Code - OSS","userEnv":{"VSCODE_IPC_HOOK":"/run/user/1000/vscode-a9cd0d16-1.96-main.sock","VSCODE_NLS_CONFIG":"{\"userLocale\":\"en-us\",\"osLocale\":\"en-us\",\"resolvedLanguage\":\"en\",\"defaultMessagesFile\":\"/usr/lib/code/out/nls.messages.json\",\"locale\":\"en-us\",\"availableLanguages\":{}}"},"filesToOpenOrCreate":[{"fileUri":{"$mid":1,"path":"/home/roos/tmp","scheme":"file"},"type":1,"exists":false}],"filesToDiff":[],"filesToMerge":[],"logLevel":1,"loggers":{"window":[],"global":[{"resource":{"scheme":"file","authority":"","path":"/home/roos/.config/Code - OSS/logs/20241229T024336/main.log","query":"","fragment":"","_formatted":"file:///home/roos/.config/Code%20-%20OSS/logs/20241229T024336/main.log","_fsPath":"/home/roos/.config/Code - OSS/logs/20241229T024336/main.log"},"id":"main","name":"Main"}]},"product":{"quality":"stable","extensionsGallery":{"serviceUrl":"https://open-vsx.org/vscode/gallery","itemUrl":"https://open-vsx.org/vscode/item"},"linkProtectionTrustedDomains":["https://open-vsx.org"],"documentationUrl":"https://code.visualstudio.com/docs","requestFeatureUrl":"https://github.com/Microsoft/vscode/issues","introductoryVideosUrl":"https://go.microsoft.com/fwlink/?linkid=832146","tipsAndTricksUrl":"https://go.microsoft.com/fwlink/?linkid=852118","keyboardShortcutsUrlLinux":"https://go.microsoft.com/fwlink/?linkid=832144","commit":"138f619c86f1199955d53b4166bef66ef252935c","date":"2024-12-16T11:38:33.840Z","nameShort":"Code - OSS","nameLong":"Code - OSS","applicationName":"code-oss","dataFolderName":".vscode-oss","win32MutexName":"vscodeoss","licenseName":"MIT","licenseUrl":"https://github.com/microsoft/vscode/blob/main/LICENSE.txt","serverLicenseUrl":"https://github.com/microsoft/vscode/blob/main/LICENSE.txt","serverGreeting":[],"serverLicense":[],"serverLicensePrompt":"","serverApplicationName":"code-server-oss","serverDataFolderName":".vscode-server-oss","tunnelApplicationName":"code-tunnel-oss","win32DirName":"Microsoft Code OSS","win32NameVersion":"Microsoft Code OSS","win32RegValueName":"CodeOSS","win32x64AppId":"{{D77B7E06-80BA-4137-BCF4-654B95CCEBC5}","win32arm64AppId":"{{D1ACE434-89C5-48D1-88D3-E2991DF85475}","win32x64UserAppId":"{{CC6B787D-37A0-49E8-AE24-8559A032BE0C}","win32arm64UserAppId":"{{3AEBF0C8-F733-4AD4-BADE-FDB816D53D7B}","win32AppUserModelId":"Microsoft.CodeOSS","win32ShellNameShort":"C&ode - OSS","win32TunnelServiceMutex":"vscodeoss-tunnelservice","win32TunnelMutex":"vscodeoss-tunnel","darwinBundleIdentifier":"com.visualstudio.code.oss","linuxIconName":"code-oss","licenseFileName":"LICENSE.txt","reportIssueUrl":"https://github.com/microsoft/vscode/issues/new","nodejsRepository":"https://nodejs.org","urlProtocol":"code-oss","webviewContentExternalBaseUrlTemplate":"https://{{uuid}}.vscode-cdn.net/insider/ef65ac1ba57f57f2a3961bfe94aa20481caca4c6/out/vs/workbench/contrib/webview/browser/pre/","builtInExtensions":[{"name":"ms-vscode.js-debug-companion","version":"1.1.3","sha256":"7380a890787452f14b2db7835dfa94de538caf358ebc263f9d46dd68ac52de93","repo":"https://github.com/microsoft/vscode-js-debug-companion","metadata":{"id":"99cb0b7f-7354-4278-b8da-6cc79972169d","publisherId":{"publisherId":"5f5636e7-69ed-4afe-b5d6-8d231fb3d3ee","publisherName":"ms-vscode","displayName":"Microsoft","flags":"verified"},"publisherDisplayName":"Microsoft"}},{"name":"ms-vscode.js-debug","version":"1.96.0","sha256":"278cd8b129c133d834a8105d0e0699f2f940c5c159fa5c821c7b9a4f7ffd3581","repo":"https://github.com/microsoft/vscode-js-debug","metadata":{"id":"25629058-ddac-4e17-abba-74678e126c5d","publisherId":{"publisherId":"5f5636e7-69ed-4afe-b5d6-8d231fb3d3ee","publisherName":"ms-vscode","displayName":"Microsoft","flags":"verified"},"publisherDisplayName":"Microsoft"}},{"name":"ms-vscode.vscode-js-profile-table","version":"1.0.10","sha256":"7361748ddf9fd09d8a2ed1f2a2d7376a2cf9aae708692820b799708385c38e08","repo":"https://github.com/microsoft/vscode-js-profile-visualizer","metadata":{"id":"7e52b41b-71ad-457b-ab7e-0620f1fc4feb","publisherId":{"publisherId":"5f5636e7-69ed-4afe-b5d6-8d231fb3d3ee","publisherName":"ms-vscode","displayName":"Microsoft","flags":"verified"},"publisherDisplayName":"Microsoft"}}],"checksums":{"vs/base/parts/sandbox/electron-sandbox/preload.js":"/p6GMz+XrM4Lj2tedQjDwiLvqbi5jCiQjCXbtrZmDGk","vs/workbench/workbench.desktop.main.js":"/VeATaH0fnwRY/NH/0IvFLSotw3Z8cWitHipk+lQGe8","vs/workbench/workbench.desktop.main.css":"dSfq27k+LtALV21Wcg1pz+A+rWStjsZxDURXTp41WZ8","vs/workbench/api/node/extensionHostProcess.js":"oHgBtbfoLzwRQnrmea7jbTN3dWKYgwGM3CHt+nnj4dg","vs/code/electron-sandbox/workbench/workbench.html":"RhgaUfNHCwkUtPNBt+HPnUAO0QW9qf+he7Nf/Dsx/dg","vs/code/electron-sandbox/workbench/workbench.js":"B72IDLFwJJjHuQGaY3y/FwAShsZg5J5XUKE/W3JsITs"},"version":"1.96.0"},"isInitialStartup":true,"perfMarks":[{"name":"code/timeOrigin","startTime":1735436616381.605},{"name":"code/didStartMain","startTime":1735436616723},{"name":"code/willLoadMainBundle","startTime":1735436616381},{"name":"code/didLoadMainBundle","startTime":1735436616723},{"name":"code/willStartCrashReporter","startTime":1735436616726},{"name":"code/didStartCrashReporter","startTime":1735436616726},{"name":"code/mainAppReady","startTime":1735436616866},{"name":"code/willGenerateNls","startTime":1735436616867},{"name":"code/didGenerateNls","startTime":1735436616867},{"name":"code/willLoadNls","startTime":1735436616875},{"name":"code/didLoadNls","startTime":1735436616881},{"name":"code/registerFilesystem/file","startTime":1735436616919},{"name":"code/registerFilesystem/vscode-userdata","startTime":1735436616922},{"name":"code/didRunMainBundle","startTime":1735436616931},{"name":"code/willStartMainServer","startTime":1735436616954},{"name":"code/willStartMainServer","startTime":1735436616959},{"name":"code/didStartMainServer","startTime":1735436616960},{"name":"code/willCreateCodeWindow","startTime":1735436617000},{"name":"code/willRestoreCodeWindowState","startTime":1735436617000},{"name":"code/didRestoreCodeWindowState","startTime":1735436617001},{"name":"code/willCreateCodeBrowserWindow","startTime":1735436617002},{"name":"code/didCreateCodeBrowserWindow","startTime":1735436617080},{"name":"code/didCreateCodeWindow","startTime":1735436617082},{"name":"code/willOpenNewWindow","startTime":1735436617086}],"os":{"release":"6.12.6-arch1-1","hostname":"Roos","arch":"x64"},"autoDetectHighContrast":true,"autoDetectColorScheme":false,"accessibilitySupport":false,"colorScheme":{"dark":true,"highContrast":false},"handle":{"buffer":{"0":4,"1":0,"2":64,"3":0},"byteLength":4},"fullscreen":false,"maximized":false,"isCustomZoomLevel":false}
2024-12-29 02:43:37.858 [trace] Renderer->SharedProcess#connect
2024-12-29 02:43:37.858 [trace] Renderer->UtilityProcess#createWorker
2024-12-29 02:43:37.870 [trace] [lifecycle] starting up (startup kind: 1)
2024-12-29 02:43:37.870 [trace] lifecycle: phase changed (value: 2)
2024-12-29 02:43:37.928 [trace] Initial editor state {"filesToOpenOrCreate":[{"fileUri":{"$mid":1,"path":"/home/roos/tmp","scheme":"file"},"type":1,"exists":false}],"filesToDiff":[],"filesToMerge":[]}
2024-12-29 02:43:37.969 [trace] TimelineService#registerTimelineProvider: id=timeline.localHistory
2024-12-29 02:43:37.972 [trace] [chat setup] updateContext(): {"entitlement":1}
2024-12-29 02:43:38.095 [trace] Layout#layout, height: 1139, width: 1034
2024-12-29 02:43:38.135 [trace] [backup tracker] scheduling backup untitled:/home/roos/tmp 
2024-12-29 02:43:38.136 [trace] [backup tracker] clearing pending backup creation untitled:/home/roos/tmp 
2024-12-29 02:43:38.136 [trace] [backup tracker] scheduling backup untitled:/home/roos/tmp 
2024-12-29 02:43:38.163 [trace] [IE] (editor:vs.editor.ICodeEditor:1) NEW controller
2024-12-29 02:43:38.303 [trace] [History stack global-default]: notifyNavigation() (editor: untitled:/home/roos/tmp, event: <none>)
2024-12-29 02:43:38.304 [trace] [History stack global-default]: notifyNavigation() not ignoring (editor: untitled:/home/roos/tmp, event: <none>)
2024-12-29 02:43:38.304 [trace] [History stack global-default]: onSelectionAwareEditorNavigation() (editor: untitled:/home/roos/tmp, event: <none>)
2024-12-29 02:43:38.304 [trace] [History stack global-default]: add() (editor: untitled:/home/roos/tmp, event: <none>)
2024-12-29 02:43:38.305 [trace] [History stack global-default]: index: 0, navigating: false
- group: 0, editor: untitled:/home/roos/tmp, selection: line: 1-1, col:  1-1
			
2024-12-29 02:43:38.308 [trace] lifecycle: phase changed (value: 3)
2024-12-29 02:43:38.310 [trace] Renderer->SharedProcess#connect: before acquirePort
2024-12-29 02:43:38.348 [trace] Started scanning system extensions
2024-12-29 02:43:38.349 [trace] Started scanning user extensions {"$mid":1,"path":"/home/roos/.vscode-oss/extensions/extensions.json","scheme":"vscode-userdata"}
2024-12-29 02:43:38.406 [trace] Renderer->UtilityProcess#createWorkerChannel: connection established
2024-12-29 02:43:38.410 [info] Started local extension host with pid 4468.
2024-12-29 02:43:38.411 [debug] Using cached extensions scan result user vscode-userdata:/home/roos/.vscode-oss/extensions/extensions.json
2024-12-29 02:43:38.419 [debug] Using cached extensions scan result system file:///usr/lib/code/extensions
2024-12-29 02:43:38.419 [trace] Scanned system extensions: 90
2024-12-29 02:43:38.421 [debug] ComputeTargetPlatform: linux-x64
2024-12-29 02:43:38.422 [trace] Scanned user extensions: 0
2024-12-29 02:43:38.430 [trace] pickRunningLocation for vscode.bat, extension kinds: [ui, workspace, web], isInstalledLocally: true, isInstalledRemotely: false, preference: None => LocalProcess
2024-12-29 02:43:38.430 [trace] pickRunningLocation for vscode.clojure, extension kinds: [ui, workspace, web], isInstalledLocally: true, isInstalledRemotely: false, preference: None => LocalProcess
2024-12-29 02:43:38.430 [trace] pickRunningLocation for vscode.coffeescript, extension kinds: [ui, workspace, web], isInstalledLocally: true, isInstalledRemotely: false, preference: None => LocalProcess
2024-12-29 02:43:38.430 [trace] pickRunningLocation for vscode.configuration-editing, extension kinds: [workspace], isInstalledLocally: true, isInstalledRemotely: false, preference: None => LocalProcess
2024-12-29 02:43:38.431 [trace] pickRunningLocation for vscode.cpp, extension kinds: [ui, workspace, web], isInstalledLocally: true, isInstalledRemotely: false, preference: None => LocalProcess
2024-12-29 02:43:38.431 [trace] pickRunningLocation for vscode.csharp, extension kinds: [ui, workspace, web], isInstalledLocally: true, isInstalledRemotely: false, preference: None => LocalProcess
2024-12-29 02:43:38.431 [trace] pickRunningLocation for vscode.css, extension kinds: [ui, workspace, web], isInstalledLocally: true, isInstalledRemotely: false, preference: None => LocalProcess
2024-12-29 02:43:38.431 [trace] pickRunningLocation for vscode.css-language-features, extension kinds: [workspace], isInstalledLocally: true, isInstalledRemotely: false, preference: None => LocalProcess
2024-12-29 02:43:38.431 [trace] pickRunningLocation for vscode.dart, extension kinds: [ui, workspace, web], isInstalledLocally: true, isInstalledRemotely: false, preference: None => LocalProcess
2024-12-29 02:43:38.432 [trace] pickRunningLocation for vscode.debug-auto-launch, extension kinds: [workspace], isInstalledLocally: true, isInstalledRemotely: false, preference: None => LocalProcess
2024-12-29 02:43:38.432 [trace] pickRunningLocation for vscode.debug-server-ready, extension kinds: [workspace], isInstalledLocally: true, isInstalledRemotely: false, preference: None => LocalProcess
2024-12-29 02:43:38.432 [trace] pickRunningLocation for vscode.diff, extension kinds: [ui, workspace, web], isInstalledLocally: true, isInstalledRemotely: false, preference: None => LocalProcess
2024-12-29 02:43:38.432 [trace] pickRunningLocation for vscode.docker, extension kinds: [ui, workspace, web], isInstalledLocally: true, isInstalledRemotely: false, preference: None => LocalProcess
2024-12-29 02:43:38.432 [trace] pickRunningLocation for vscode.emmet, extension kinds: [workspace], isInstalledLocally: true, isInstalledRemotely: false, preference: None => LocalProcess
2024-12-29 02:43:38.433 [trace] pickRunningLocation for vscode.extension-editing, extension kinds: [workspace], isInstalledLocally: true, isInstalledRemotely: false, preference: None => LocalProcess
2024-12-29 02:43:38.433 [trace] pickRunningLocation for vscode.fsharp, extension kinds: [ui, workspace, web], isInstalledLocally: true, isInstalledRemotely: false, preference: None => LocalProcess
2024-12-29 02:43:38.433 [trace] pickRunningLocation for vscode.git-base, extension kinds: [workspace], isInstalledLocally: true, isInstalledRemotely: false, preference: None => LocalProcess
2024-12-29 02:43:38.433 [trace] pickRunningLocation for vscode.github, extension kinds: [workspace], isInstalledLocally: true, isInstalledRemotely: false, preference: None => LocalProcess
2024-12-29 02:43:38.433 [trace] pickRunningLocation for vscode.github-authentication, extension kinds: [ui, workspace], isInstalledLocally: true, isInstalledRemotely: false, preference: None => LocalProcess
2024-12-29 02:43:38.434 [trace] pickRunningLocation for vscode.go, extension kinds: [ui, workspace, web], isInstalledLocally: true, isInstalledRemotely: false, preference: None => LocalProcess
2024-12-29 02:43:38.434 [trace] pickRunningLocation for vscode.groovy, extension kinds: [ui, workspace, web], isInstalledLocally: true, isInstalledRemotely: false, preference: None => LocalProcess
2024-12-29 02:43:38.434 [trace] pickRunningLocation for vscode.grunt, extension kinds: [workspace], isInstalledLocally: true, isInstalledRemotely: false, preference: None => LocalProcess
2024-12-29 02:43:38.434 [trace] pickRunningLocation for vscode.gulp, extension kinds: [workspace], isInstalledLocally: true, isInstalledRemotely: false, preference: None => LocalProcess
2024-12-29 02:43:38.434 [trace] pickRunningLocation for vscode.handlebars, extension kinds: [ui, workspace], isInstalledLocally: true, isInstalledRemotely: false, preference: None => LocalProcess
2024-12-29 02:43:38.434 [trace] pickRunningLocation for vscode.hlsl, extension kinds: [ui, workspace, web], isInstalledLocally: true, isInstalledRemotely: false, preference: None => LocalProcess
2024-12-29 02:43:38.434 [trace] pickRunningLocation for vscode.html, extension kinds: [ui, workspace, web], isInstalledLocally: true, isInstalledRemotely: false, preference: None => LocalProcess
2024-12-29 02:43:38.435 [trace] pickRunningLocation for vscode.html-language-features, extension kinds: [workspace], isInstalledLocally: true, isInstalledRemotely: false, preference: None => LocalProcess
2024-12-29 02:43:38.435 [trace] pickRunningLocation for vscode.ini, extension kinds: [ui, workspace, web], isInstalledLocally: true, isInstalledRemotely: false, preference: None => LocalProcess
2024-12-29 02:43:38.435 [trace] pickRunningLocation for vscode.ipynb, extension kinds: [workspace, ui], isInstalledLocally: true, isInstalledRemotely: false, preference: None => LocalProcess
2024-12-29 02:43:38.435 [trace] pickRunningLocation for vscode.jake, extension kinds: [workspace], isInstalledLocally: true, isInstalledRemotely: false, preference: None => LocalProcess
2024-12-29 02:43:38.435 [trace] pickRunningLocation for vscode.java, extension kinds: [ui, workspace, web], isInstalledLocally: true, isInstalledRemotely: false, preference: None => LocalProcess
2024-12-29 02:43:38.435 [trace] pickRunningLocation for vscode.javascript, extension kinds: [ui, workspace, web], isInstalledLocally: true, isInstalledRemotely: false, preference: None => LocalProcess
2024-12-29 02:43:38.436 [trace] pickRunningLocation for vscode.json, extension kinds: [ui, workspace, web], isInstalledLocally: true, isInstalledRemotely: false, preference: None => LocalProcess
2024-12-29 02:43:38.436 [trace] pickRunningLocation for vscode.json-language-features, extension kinds: [workspace], isInstalledLocally: true, isInstalledRemotely: false, preference: None => LocalProcess
2024-12-29 02:43:38.436 [trace] pickRunningLocation for vscode.julia, extension kinds: [ui, workspace, web], isInstalledLocally: true, isInstalledRemotely: false, preference: None => LocalProcess
2024-12-29 02:43:38.436 [trace] pickRunningLocation for vscode.latex, extension kinds: [ui, workspace, web], isInstalledLocally: true, isInstalledRemotely: false, preference: None => LocalProcess
2024-12-29 02:43:38.436 [trace] pickRunningLocation for vscode.less, extension kinds: [ui, workspace, web], isInstalledLocally: true, isInstalledRemotely: false, preference: None => LocalProcess
2024-12-29 02:43:38.436 [trace] pickRunningLocation for vscode.log, extension kinds: [ui, workspace, web], isInstalledLocally: true, isInstalledRemotely: false, preference: None => LocalProcess
2024-12-29 02:43:38.436 [trace] pickRunningLocation for vscode.lua, extension kinds: [ui, workspace, web], isInstalledLocally: true, isInstalledRemotely: false, preference: None => LocalProcess
2024-12-29 02:43:38.437 [trace] pickRunningLocation for vscode.make, extension kinds: [ui, workspace, web], isInstalledLocally: true, isInstalledRemotely: false, preference: None => LocalProcess
2024-12-29 02:43:38.437 [trace] pickRunningLocation for vscode.markdown, extension kinds: [ui, workspace, web], isInstalledLocally: true, isInstalledRemotely: false, preference: None => LocalProcess
2024-12-29 02:43:38.437 [trace] pickRunningLocation for vscode.markdown-language-features, extension kinds: [workspace], isInstalledLocally: true, isInstalledRemotely: false, preference: None => LocalProcess
2024-12-29 02:43:38.437 [trace] pickRunningLocation for vscode.markdown-math, extension kinds: [workspace], isInstalledLocally: true, isInstalledRemotely: false, preference: None => LocalProcess
2024-12-29 02:43:38.437 [trace] pickRunningLocation for vscode.media-preview, extension kinds: [ui, workspace], isInstalledLocally: true, isInstalledRemotely: false, preference: None => LocalProcess
2024-12-29 02:43:38.438 [trace] pickRunningLocation for vscode.merge-conflict, extension kinds: [workspace], isInstalledLocally: true, isInstalledRemotely: false, preference: None => LocalProcess
2024-12-29 02:43:38.438 [trace] pickRunningLocation for vscode.microsoft-authentication, extension kinds: [ui, workspace], isInstalledLocally: true, isInstalledRemotely: false, preference: None => LocalProcess
2024-12-29 02:43:38.438 [trace] pickRunningLocation for ms-vscode.js-debug, extension kinds: [workspace], isInstalledLocally: true, isInstalledRemotely: false, preference: None => LocalProcess
2024-12-29 02:43:38.438 [trace] pickRunningLocation for ms-vscode.js-debug-companion, extension kinds: [ui], isInstalledLocally: true, isInstalledRemotely: false, preference: None => LocalProcess
2024-12-29 02:43:38.438 [trace] pickRunningLocation for ms-vscode.vscode-js-profile-table, extension kinds: [workspace], isInstalledLocally: true, isInstalledRemotely: false, preference: None => LocalProcess
2024-12-29 02:43:38.438 [trace] pickRunningLocation for vscode.builtin-notebook-renderers, extension kinds: [ui, workspace, web], isInstalledLocally: true, isInstalledRemotely: false, preference: None => LocalProcess
2024-12-29 02:43:38.438 [trace] pickRunningLocation for vscode.npm, extension kinds: [workspace], isInstalledLocally: true, isInstalledRemotely: false, preference: None => LocalProcess
2024-12-29 02:43:38.439 [trace] pickRunningLocation for vscode.objective-c, extension kinds: [ui, workspace, web], isInstalledLocally: true, isInstalledRemotely: false, preference: None => LocalProcess
2024-12-29 02:43:38.439 [trace] pickRunningLocation for vscode.perl, extension kinds: [ui, workspace, web], isInstalledLocally: true, isInstalledRemotely: false, preference: None => LocalProcess
2024-12-29 02:43:38.439 [trace] pickRunningLocation for vscode.php, extension kinds: [ui, workspace, web], isInstalledLocally: true, isInstalledRemotely: false, preference: None => LocalProcess
2024-12-29 02:43:38.439 [trace] pickRunningLocation for vscode.php-language-features, extension kinds: [workspace], isInstalledLocally: true, isInstalledRemotely: false, preference: None => LocalProcess
2024-12-29 02:43:38.439 [trace] pickRunningLocation for vscode.powershell, extension kinds: [ui, workspace, web], isInstalledLocally: true, isInstalledRemotely: false, preference: None => LocalProcess
2024-12-29 02:43:38.440 [trace] pickRunningLocation for vscode.pug, extension kinds: [ui, workspace, web], isInstalledLocally: true, isInstalledRemotely: false, preference: None => LocalProcess
2024-12-29 02:43:38.440 [trace] pickRunningLocation for vscode.python, extension kinds: [ui, workspace, web], isInstalledLocally: true, isInstalledRemotely: false, preference: None => LocalProcess
2024-12-29 02:43:38.440 [trace] pickRunningLocation for vscode.r, extension kinds: [ui, workspace, web], isInstalledLocally: true, isInstalledRemotely: false, preference: None => LocalProcess
2024-12-29 02:43:38.440 [trace] pickRunningLocation for vscode.razor, extension kinds: [ui, workspace, web], isInstalledLocally: true, isInstalledRemotely: false, preference: None => LocalProcess
2024-12-29 02:43:38.441 [trace] pickRunningLocation for vscode.references-view, extension kinds: [workspace], isInstalledLocally: true, isInstalledRemotely: false, preference: None => LocalProcess
2024-12-29 02:43:38.441 [trace] pickRunningLocation for vscode.restructuredtext, extension kinds: [ui, workspace, web], isInstalledLocally: true, isInstalledRemotely: false, preference: None => LocalProcess
2024-12-29 02:43:38.441 [trace] pickRunningLocation for vscode.ruby, extension kinds: [ui, workspace, web], isInstalledLocally: true, isInstalledRemotely: false, preference: None => LocalProcess
2024-12-29 02:43:38.441 [trace] pickRunningLocation for vscode.rust, extension kinds: [ui, workspace, web], isInstalledLocally: true, isInstalledRemotely: false, preference: None => LocalProcess
2024-12-29 02:43:38.441 [trace] pickRunningLocation for vscode.scss, extension kinds: [ui, workspace, web], isInstalledLocally: true, isInstalledRemotely: false, preference: None => LocalProcess
2024-12-29 02:43:38.442 [trace] pickRunningLocation for vscode.search-result, extension kinds: [workspace], isInstalledLocally: true, isInstalledRemotely: false, preference: None => LocalProcess
2024-12-29 02:43:38.442 [trace] pickRunningLocation for vscode.shaderlab, extension kinds: [ui, workspace, web], isInstalledLocally: true, isInstalledRemotely: false, preference: None => LocalProcess
2024-12-29 02:43:38.442 [trace] pickRunningLocation for vscode.shellscript, extension kinds: [ui, workspace, web], isInstalledLocally: true, isInstalledRemotely: false, preference: None => LocalProcess
2024-12-29 02:43:38.442 [trace] pickRunningLocation for vscode.simple-browser, extension kinds: [ui, workspace], isInstalledLocally: true, isInstalledRemotely: false, preference: None => LocalProcess
2024-12-29 02:43:38.443 [trace] pickRunningLocation for vscode.sql, extension kinds: [ui, workspace, web], isInstalledLocally: true, isInstalledRemotely: false, preference: None => LocalProcess
2024-12-29 02:43:38.443 [trace] pickRunningLocation for vscode.swift, extension kinds: [ui, workspace, web], isInstalledLocally: true, isInstalledRemotely: false, preference: None => LocalProcess
2024-12-29 02:43:38.443 [trace] pickRunningLocation for vscode.theme-abyss, extension kinds: [ui, workspace, web], isInstalledLocally: true, isInstalledRemotely: false, preference: None => LocalProcess
2024-12-29 02:43:38.443 [trace] pickRunningLocation for vscode.theme-defaults, extension kinds: [ui, workspace, web], isInstalledLocally: true, isInstalledRemotely: false, preference: None => LocalProcess
2024-12-29 02:43:38.444 [trace] pickRunningLocation for vscode.theme-kimbie-dark, extension kinds: [ui, workspace, web], isInstalledLocally: true, isInstalledRemotely: false, preference: None => LocalProcess
2024-12-29 02:43:38.444 [trace] pickRunningLocation for vscode.theme-monokai, extension kinds: [ui, workspace, web], isInstalledLocally: true, isInstalledRemotely: false, preference: None => LocalProcess
2024-12-29 02:43:38.444 [trace] pickRunningLocation for vscode.theme-monokai-dimmed, extension kinds: [ui, workspace, web], isInstalledLocally: true, isInstalledRemotely: false, preference: None => LocalProcess
2024-12-29 02:43:38.444 [trace] pickRunningLocation for vscode.theme-quietlight, extension kinds: [ui, workspace, web], isInstalledLocally: true, isInstalledRemotely: false, preference: None => LocalProcess
2024-12-29 02:43:38.444 [trace] pickRunningLocation for vscode.theme-red, extension kinds: [ui, workspace, web], isInstalledLocally: true, isInstalledRemotely: false, preference: None => LocalProcess
2024-12-29 02:43:38.444 [trace] pickRunningLocation for vscode.vscode-theme-seti, extension kinds: [ui, workspace, web], isInstalledLocally: true, isInstalledRemotely: false, preference: None => LocalProcess
2024-12-29 02:43:38.444 [trace] pickRunningLocation for vscode.theme-solarized-dark, extension kinds: [ui, workspace, web], isInstalledLocally: true, isInstalledRemotely: false, preference: None => LocalProcess
2024-12-29 02:43:38.445 [trace] pickRunningLocation for vscode.theme-solarized-light, extension kinds: [ui, workspace, web], isInstalledLocally: true, isInstalledRemotely: false, preference: None => LocalProcess
2024-12-29 02:43:38.445 [trace] pickRunningLocation for vscode.theme-tomorrow-night-blue, extension kinds: [ui, workspace, web], isInstalledLocally: true, isInstalledRemotely: false, preference: None => LocalProcess
2024-12-29 02:43:38.445 [trace] pickRunningLocation for vscode.tunnel-forwarding, extension kinds: [workspace], isInstalledLocally: true, isInstalledRemotely: false, preference: None => LocalProcess
2024-12-29 02:43:38.445 [trace] pickRunningLocation for vscode.typescript, extension kinds: [ui, workspace, web], isInstalledLocally: true, isInstalledRemotely: false, preference: None => LocalProcess
2024-12-29 02:43:38.445 [trace] pickRunningLocation for vscode.typescript-language-features, extension kinds: [workspace], isInstalledLocally: true, isInstalledRemotely: false, preference: None => LocalProcess
2024-12-29 02:43:38.446 [trace] pickRunningLocation for vscode.vb, extension kinds: [ui, workspace, web], isInstalledLocally: true, isInstalledRemotely: false, preference: None => LocalProcess
2024-12-29 02:43:38.446 [trace] pickRunningLocation for vscode.xml, extension kinds: [ui, workspace, web], isInstalledLocally: true, isInstalledRemotely: false, preference: None => LocalProcess
2024-12-29 02:43:38.446 [trace] pickRunningLocation for vscode.yaml, extension kinds: [ui, workspace, web], isInstalledLocally: true, isInstalledRemotely: false, preference: None => LocalProcess
2024-12-29 02:43:38.447 [debug] Found authentication providers. added: 2, removed: 0
2024-12-29 02:43:38.448 [debug] Declared authentication provider: github
2024-12-29 02:43:38.448 [debug] Declared authentication provider: github-enterprise
2024-12-29 02:43:38.448 [debug] Declared authentication provider: microsoft
2024-12-29 02:43:38.448 [debug] Declared authentication provider: microsoft-sovereign-cloud
2024-12-29 02:43:38.555 [trace] [DEBOUNCE: Document Colors] for untitled:/home/roos/tmp is 1000ms
2024-12-29 02:43:38.556 [trace] [DEBOUNCE: Links] for untitled:/home/roos/tmp is 1000ms
2024-12-29 02:43:38.574 [trace] [DEBOUNCE: Folding] for untitled:/home/roos/tmp is 200ms
2024-12-29 02:43:38.590 [trace] Error while resolving configuration file 'vscode-userdata:/home/roos/.config/Code%20-%20OSS/User/tasks.json': Unable to read file 'vscode-userdata:/home/roos/.config/Code - OSS/User/tasks.json' (Error: Unable to resolve nonexistent file 'vscode-userdata:/home/roos/.config/Code - OSS/User/tasks.json')
2024-12-29 02:43:38.594 [debug] Could not get workspace hash for forwarded ports storage key.
2024-12-29 02:43:38.618 [trace] Renderer->SharedProcess#connect: connection established
2024-12-29 02:43:38.718 [debug] [Registering Log Channel] File does not exist. Waiting for 1s to retry. file:///home/roos/.config/Code%20-%20OSS/logs/20241229T024336/window1/notebook.rendering.log
2024-12-29 02:43:38.792 [trace] pickRunningLocation for vscode.git, extension kinds: [workspace], isInstalledLocally: true, isInstalledRemotely: false, preference: None => LocalProcess
2024-12-29 02:43:38.792 [trace] pickRunningLocation for vscode.terminal-suggest, extension kinds: [workspace], isInstalledLocally: true, isInstalledRemotely: false, preference: None => LocalProcess
2024-12-29 02:43:38.823 [trace] [chat setup] update(): {"installed":false}
2024-12-29 02:43:38.824 [trace] [chat setup] updateContext(): {"entitlement":1,"installed":false}
2024-12-29 02:43:38.863 [debug] User data changed
2024-12-29 02:43:38.944 [debug] [Registering Log Channel] File does not exist. Waiting for 1s to retry. file:///home/roos/.config/Code%20-%20OSS/logs/20241229T024336/editSessions.log
2024-12-29 02:43:39.138 [trace] [backup tracker] creating backup untitled:/home/roos/tmp 
2024-12-29 02:43:39.139 [trace] [backup tracker] storing backup untitled:/home/roos/tmp 
2024-12-29 02:43:39.329 [trace] CommandService#executeCommand _setContext
2024-12-29 02:43:39.329 [trace] [DEBOUNCE: CodeLensProvide] for untitled:/home/roos/tmp is 250ms
2024-12-29 02:43:39.756 [trace] Session Languages: []
2024-12-29 02:43:39.757 [trace] Workspace Languages: []
2024-12-29 02:43:39.757 [trace] Historical Workspace Opened Languages: []
2024-12-29 02:43:39.757 [trace] Historical Globally Opened Languages: []
2024-12-29 02:43:39.757 [trace] Computed Language Detection Biases: {}
2024-12-29 02:43:40.746 [debug] Comments: URIs of continue on comments to add to storage .
2024-12-29 02:43:40.810 [trace] lifecycle: phase changed (value: 4)
2024-12-29 02:43:41.073 [trace] CommandService#executeCommand _setContext
2024-12-29 02:43:41.074 [trace] [DEBOUNCE: CodeLensProvide] for untitled:/home/roos/tmp is 250ms
2024-12-29 02:43:41.320 [info] [perf] Render performance baseline is 162ms
