2025-05-10 15:00:43.453 [info] [main] Log level: Info
2025-05-10 15:00:43.453 [info] [main] Validating found git in: "git"
2025-05-10 15:00:43.453 [info] [main] Using git "2.49.0" from "git"
2025-05-10 15:00:43.453 [info] [Model][doInitialScan] Initial repository scan started
2025-05-10 15:00:43.453 [info] > git rev-parse --show-toplevel [7ms]
2025-05-10 15:00:43.453 [info] [Model][doInitialScan] Initial repository scan completed - repositories (0), closed repositories (0), parent repositories (1), unsafe repositories (0)
2025-05-10 15:03:22.535 [info] > git rev-parse --show-toplevel [1ms]
2025-05-10 15:04:35.621 [info] > git rev-parse --show-toplevel [2ms]
2025-05-10 15:04:55.701 [info] > git rev-parse --show-toplevel [2ms]
2025-05-10 15:11:10.351 [info] > git rev-parse --show-toplevel [2ms]
2025-05-10 15:11:45.787 [info] > git rev-parse --show-toplevel [3ms]
2025-05-10 15:12:09.351 [info] > git rev-parse --show-toplevel [2ms]
2025-05-10 15:12:26.984 [info] > git rev-parse --show-toplevel [2ms]
2025-05-10 15:12:27.557 [info] > git rev-parse --show-toplevel [1ms]
2025-05-10 15:12:50.496 [info] > git rev-parse --show-toplevel [1ms]
2025-05-10 15:12:53.728 [info] > git rev-parse --show-toplevel [2ms]
2025-05-10 15:12:57.565 [info] > git rev-parse --show-toplevel [2ms]
2025-05-10 15:13:06.185 [info] > git rev-parse --show-toplevel [2ms]
2025-05-10 15:13:08.270 [info] > git rev-parse --show-toplevel [2ms]
2025-05-10 15:13:17.742 [info] > git rev-parse --show-toplevel [2ms]
2025-05-10 15:13:19.743 [info] > git rev-parse --show-toplevel [3ms]
2025-05-10 15:27:52.334 [info] > git rev-parse --show-toplevel [2ms]
2025-05-10 15:27:53.116 [info] > git rev-parse --show-toplevel [2ms]
2025-05-10 15:27:53.588 [info] > git rev-parse --show-toplevel [2ms]
2025-05-10 15:28:01.732 [info] > git rev-parse --show-toplevel [2ms]
2025-05-10 15:28:19.293 [info] > git rev-parse --show-toplevel [1ms]
2025-05-10 15:28:32.018 [info] > git rev-parse --show-toplevel [2ms]
2025-05-10 15:28:33.677 [info] > git rev-parse --show-toplevel [1ms]
2025-05-10 15:28:41.774 [info] > git rev-parse --show-toplevel [3ms]
2025-05-10 15:28:54.606 [info] > git rev-parse --show-toplevel [2ms]
2025-05-10 15:29:05.207 [info] > git rev-parse --show-toplevel [2ms]
2025-05-10 15:29:10.227 [info] > git rev-parse --show-toplevel [2ms]
2025-05-10 15:29:12.914 [info] > git rev-parse --show-toplevel [2ms]
2025-05-10 16:03:48.712 [info] > git rev-parse --show-toplevel [3ms]
2025-05-10 16:13:05.886 [info] > git rev-parse --show-toplevel [2ms]
2025-05-10 16:13:07.278 [info] > git rev-parse --show-toplevel [2ms]
2025-05-10 16:13:11.055 [info] > git rev-parse --show-toplevel [1ms]
2025-05-10 16:13:32.662 [info] > git rev-parse --show-toplevel [2ms]
