2024-12-29 02:45:32.036 [trace] sharedProcess configuration {"machineId":"50c8838b8ff5c0f53653b6acfd4ae46eaa8f5f93771c40ba0cca27a55d183ff0","sqmId":"","devDeviceId":"a0eeaa4f-a0d0-481c-9290-828190c47af0","codeCachePath":"/home/roos/.config/Code - OSS/CachedData/138f619c86f1199955d53b4166bef66ef252935c","profiles":{"home":{"scheme":"vscode-userdata","authority":"","path":"/home/roos/.config/Code - OSS/User/profiles","query":"","fragment":"","_formatted":null,"_fsPath":null},"all":[{"id":"__default__profile__","name":"Default","location":{"scheme":"vscode-userdata","authority":"","path":"/home/roos/.config/Code - OSS/User","query":"","fragment":"","_formatted":null,"_fsPath":null},"isDefault":true,"globalStorageHome":{"scheme":"vscode-userdata","authority":"","path":"/home/roos/.config/Code - OSS/User/globalStorage","query":"","fragment":"","_formatted":null,"_fsPath":null},"settingsResource":{"scheme":"vscode-userdata","authority":"","path":"/home/roos/.config/Code - OSS/User/settings.json","query":"","fragment":"","_formatted":null,"_fsPath":null},"keybindingsResource":{"scheme":"vscode-userdata","authority":"","path":"/home/roos/.config/Code - OSS/User/keybindings.json","query":"","fragment":"","_formatted":null,"_fsPath":null},"tasksResource":{"scheme":"vscode-userdata","authority":"","path":"/home/roos/.config/Code - OSS/User/tasks.json","query":"","fragment":"","_formatted":null,"_fsPath":null},"snippetsHome":{"scheme":"vscode-userdata","authority":"","path":"/home/roos/.config/Code - OSS/User/snippets","query":"","fragment":"","_formatted":null,"_fsPath":null},"extensionsResource":{"scheme":"vscode-userdata","authority":"","path":"/home/roos/.vscode-oss/extensions/extensions.json","query":"","fragment":"","_formatted":null,"_fsPath":null},"cacheHome":{"scheme":"file","authority":"","path":"/home/roos/.config/Code - OSS/CachedProfilesData/__default__profile__","query":"","fragment":"","_formatted":null,"_fsPath":null}}]},"args":{"_":["/home/roos/tmp"],"diff":false,"merge":false,"add":false,"goto":false,"new-window":true,"reuse-window":false,"wait":false,"help":false,"list-extensions":false,"show-versions":false,"pre-release":false,"update-extensions":false,"version":false,"verbose":true,"log":["debug"],"status":false,"prof-startup":false,"no-cached-data":false,"prof-v8-extensions":false,"disable-extensions":true,"disable-lcd-text":false,"disable-gpu":false,"disable-chromium-sandbox":false,"sandbox":false,"telemetry":false,"debugRenderer":false,"enable-smoke-test-driver":false,"logExtensionHostCommunication":false,"skip-release-notes":false,"skip-welcome":false,"disable-telemetry":false,"disable-updates":false,"use-inmemory-secretstorage":false,"disable-workspace-trust":false,"disable-crash-reporter":false,"skip-add-to-recently-opened":false,"open-url":false,"file-write":false,"file-chmod":false,"force":false,"do-not-sync":false,"trace":false,"preserve-env":false,"force-user-env":false,"force-disable-user-env":false,"open-devtools":false,"disable-gpu-sandbox":false,"__enable-file-policy":false,"enable-coi":false,"no-proxy-server":false,"no-sandbox":false,"nolazy":false,"force-renderer-accessibility":false,"ignore-certificate-errors":false,"allow-insecure-localhost":false,"disable-dev-shm-usage":false,"profile-temp":false,"logsPath":"/home/roos/.config/Code - OSS/logs/20241229T024530"},"logLevel":1,"loggers":[{"resource":{"scheme":"file","authority":"","path":"/home/roos/.config/Code - OSS/logs/20241229T024530/main.log","query":"","fragment":"","_formatted":"file:///home/roos/.config/Code%20-%20OSS/logs/20241229T024530/main.log","_fsPath":"/home/roos/.config/Code - OSS/logs/20241229T024530/main.log"},"id":"main","name":"Main"}]}
2024-12-29 02:45:32.037 [trace] Started scanning system extensions
2024-12-29 02:45:32.038 [trace] Started scanning user extensions {"$mid":1,"external":"vscode-userdata:/home/roos/.vscode-oss/extensions/extensions.json","path":"/home/roos/.vscode-oss/extensions/extensions.json","scheme":"vscode-userdata"}
2024-12-29 02:45:32.038 [trace] ExtensionManagementService#cleanUp
2024-12-29 02:45:32.038 [trace] ExtensionManagementService#removeTempDeleteFolders
2024-12-29 02:45:32.038 [trace] ExtensionManagementService.updateControlCache
2024-12-29 02:45:32.038 [trace] Started scanning user extensions {"$mid":1,"external":"vscode-userdata:/home/roos/.vscode-oss/extensions/extensions.json","path":"/home/roos/.vscode-oss/extensions/extensions.json","scheme":"vscode-userdata"}
2024-12-29 02:45:32.045 [trace] Extension VSIX downloads cache dir does not exist
2024-12-29 02:45:32.051 [trace] [File Watcher (node.js)] Request to start watching: /home/roos/.vscode-oss/extensions (excludes: <none>, includes: <all>, filter: <none>, correlationId: <none>)
2024-12-29 02:45:32.062 [debug] Writing language packs {}
2024-12-29 02:45:32.063 [debug] No uninstalled extensions found.
2024-12-29 02:45:32.063 [trace] Started scanning user extensions {"$mid":1,"fsPath":"/home/roos/.vscode-oss/extensions","external":"file:///home/roos/.vscode-oss/extensions","path":"/home/roos/.vscode-oss/extensions","scheme":"file"}
2024-12-29 02:45:32.093 [trace] [File Watcher (node.js)] Started watching: '/home/roos/.vscode-oss/extensions'
2024-12-29 02:45:32.095 [trace] Started scanning user extensions {"$mid":1,"fsPath":"/home/roos/.vscode-oss/extensions","external":"file:///home/roos/.vscode-oss/extensions","path":"/home/roos/.vscode-oss/extensions","scheme":"file"}
2024-12-29 02:45:32.114 [debug] ComputeTargetPlatform: linux-x64
2024-12-29 02:45:32.114 [trace] Scanned user extensions: 0
2024-12-29 02:45:32.114 [trace] Scanned user extensions: 0
2024-12-29 02:45:32.114 [trace] Scanned user extensions: 0
2024-12-29 02:45:32.122 [trace] Scanned user extensions: 0
2024-12-29 02:45:32.160 [trace] Scanned system extensions: 90
2024-12-29 02:45:32.211 [trace] Started scanning system extensions
2024-12-29 02:45:32.212 [trace] Started scanning user extensions {"$mid":1,"external":"vscode-userdata:/home/roos/.vscode-oss/extensions/extensions.json","path":"/home/roos/.vscode-oss/extensions/extensions.json","scheme":"vscode-userdata"}
2024-12-29 02:45:32.213 [debug] Writing language packs {}
2024-12-29 02:45:32.216 [trace] Scanned user extensions: 0
2024-12-29 02:45:32.224 [debug] Using cached extensions scan result system file:///usr/lib/code/extensions
2024-12-29 02:45:32.224 [trace] Scanned system extensions: 90
2024-12-29 02:45:32.363 [trace] Started scanning system extensions
2024-12-29 02:45:32.363 [trace] Started scanning user extensions {"$mid":1,"external":"vscode-userdata:/home/roos/.vscode-oss/extensions/extensions.json","path":"/home/roos/.vscode-oss/extensions/extensions.json","scheme":"vscode-userdata"}
2024-12-29 02:45:32.376 [debug] Using cached extensions scan result system file:///usr/lib/code/extensions
2024-12-29 02:45:32.377 [trace] Scanned system extensions: 90
2024-12-29 02:45:32.378 [trace] Scanned user extensions: 0
2024-12-29 02:45:32.421 [trace] Started scanning system extensions
2024-12-29 02:45:32.421 [trace] Started scanning user extensions {"$mid":1,"external":"vscode-userdata:/home/roos/.vscode-oss/extensions/extensions.json","path":"/home/roos/.vscode-oss/extensions/extensions.json","scheme":"vscode-userdata"}
2024-12-29 02:45:32.425 [trace] Scanned user extensions: 0
