2025-01-30 20:03:31.631 [info] Added views:outline in workbench.view.explorer
2025-01-30 20:03:31.631 [info] Added views:workbench.view.search in workbench.view.search
2025-01-30 20:03:31.631 [info] Added views:workbench.scm in workbench.view.scm
2025-01-30 20:03:31.631 [info] Added views:workbench.panel.markers.view in workbench.panel.markers
2025-01-30 20:03:31.631 [info] Added views:workbench.panel.output in workbench.panel.output
2025-01-30 20:03:31.631 [info] Added views:terminal in terminal
2025-01-30 20:03:31.631 [info] Added views:timeline in workbench.view.explorer
2025-01-30 20:03:31.631 [info] Added views:workbench.explorer.emptyView in workbench.view.explorer
2025-01-30 20:03:31.806 [info] Added views:workbench.debug.welcome in workbench.view.debug
2025-01-30 20:03:32.115 [info] Added views:workbench.panel.repl.view in workbench.panel.repl
2025-01-30 20:03:32.246 [info] Added views:~remote.forwardedPorts in ~remote.forwardedPortsContainer
2025-01-30 20:03:47.096 [info] Added views:workbench.debug.breakPointsView in workbench.view.debug
2025-01-30 20:03:47.142 [info] Removed views:workbench.debug.welcome from workbench.view.debug
2025-01-30 20:03:47.160 [info] Added views:workbench.debug.variablesView,workbench.debug.watchExpressionsView,workbench.debug.callStackView in workbench.view.debug
2025-01-30 20:03:49.255 [info] Removed views:workbench.debug.callStackView,workbench.debug.watchExpressionsView,workbench.debug.variablesView from workbench.view.debug
2025-01-30 20:03:49.267 [info] Added views:workbench.debug.welcome in workbench.view.debug
2025-01-30 20:03:52.771 [info] Added views:workbench.views.extensions.installed,workbench.views.extensions.popular,extensions.recommendedList in workbench.view.extensions
2025-01-30 20:03:52.773 [info] Removed views:workbench.views.extensions.popular from workbench.view.extensions
2025-01-30 20:03:52.908 [info] Added views:workbench.views.extensions.popular in workbench.view.extensions
2025-01-30 20:03:55.144 [info] Removed views:extensions.recommendedList,workbench.views.extensions.popular,workbench.views.extensions.installed from workbench.view.extensions
2025-01-30 20:03:55.151 [info] Added views:workbench.views.extensions.marketplace in workbench.view.extensions
